#
# There is insufficient memory for the Java Runtime Environment to continue.
# Native memory allocation (malloc) failed to allocate 32784 bytes for Chunk::new
# Possible reasons:
#   The system is out of physical RAM or swap space
#   The process is running with CompressedOops enabled, and the Java Heap may be blocking the growth of the native heap
# Possible solutions:
#   Reduce memory load on the system
#   Increase physical memory or swap space
#   Check if swap backing store is full
#   Decrease Java heap size (-Xmx/-Xms)
#   Decrease number of Java threads
#   Decrease Java thread stack sizes (-Xss)
#   Set larger code cache with -XX:ReservedCodeCacheSize=
#   JVM is running with Unscaled Compressed Oops mode in which the Java heap is
#     placed in the first 4GB address space. The Java Heap base address is the
#     maximum limit for the native heap growth. Please use -XX:HeapBaseMinAddress
#     to set the Java Heap base and to place the Java Heap above 4GB virtual address.
# This output file may be truncated or incomplete.
#
#  Out of Memory Error (arena.cpp:189), pid=18308, tid=1556
#
# JRE version: OpenJDK Runtime Environment (17.0.6) (build 17.0.6+0-b2043.56-9586694)
# Java VM: OpenJDK 64-Bit Server VM (17.0.6+0-b2043.56-9586694, mixed mode, tiered, compressed oops, compressed class ptrs, g1 gc, windows-amd64)
# No core dump will be written. Minidumps are not enabled by default on client versions of Windows
#

---------------  S U M M A R Y ------------

Command Line: --add-opens=java.base/java.util=ALL-UNNAMED --add-opens=java.base/java.lang=ALL-UNNAMED --add-opens=java.base/java.lang.invoke=ALL-UNNAMED --add-opens=java.prefs/java.util.prefs=ALL-UNNAMED --add-opens=java.base/java.nio.charset=ALL-UNNAMED --add-opens=java.base/java.net=ALL-UNNAMED --add-opens=java.base/java.util.concurrent.atomic=ALL-UNNAMED -Xmx2048m -Dfile.encoding=UTF-8 -Duser.country=IT -Duser.language=it -Duser.variant org.gradle.launcher.daemon.bootstrap.GradleDaemon 8.0

Host: Intel(R) Core(TM) i7-8565U CPU @ 1.80GHz, 8 cores, 7G,  Windows 11 , 64 bit Build 22621 (10.0.22621.3527)
Time: Mon May  6 10:18:59 2024 ora legale Europa occidentale elapsed time: 560.404716 seconds (0d 0h 9m 20s)

---------------  T H R E A D  ---------------

Current thread (0x0000017a487be2f0):  JavaThread "C2 CompilerThread1" daemon [_thread_in_native, id=1556, stack(0x0000004161400000,0x0000004161500000)]


Current CompileTask:
C2: 560405 9869   !   4       org.gradle.api.internal.attributes.DefaultImmutableAttributesFactory::doConcatIsolatable (128 bytes)

Stack: [0x0000004161400000,0x0000004161500000]
Native frames: (J=compiled Java code, j=interpreted, Vv=VM code, C=native code)
V  [jvm.dll+0x683b4a]
V  [jvm.dll+0x842654]
V  [jvm.dll+0x843dfe]
V  [jvm.dll+0x844463]
V  [jvm.dll+0x249b75]
V  [jvm.dll+0xabcac]
V  [jvm.dll+0xac27c]
V  [jvm.dll+0xabdbb]
V  [jvm.dll+0x6a708e]
V  [jvm.dll+0x21d6c4]
V  [jvm.dll+0x21b51b]
V  [jvm.dll+0x1a4fdd]
V  [jvm.dll+0x22b098]
V  [jvm.dll+0x229159]
V  [jvm.dll+0x7f809c]
V  [jvm.dll+0x7f25fa]
V  [jvm.dll+0x682985]
C  [ucrtbase.dll+0x29333]
C  [KERNEL32.DLL+0x1257d]
C  [ntdll.dll+0x5aa48]


---------------  P R O C E S S  ---------------

Threads class SMR info:
_java_thread_list=0x0000017a4eb75b70, length=91, elements={
0x0000017a2b0b4300, 0x0000017a44ef9da0, 0x0000017a44efb540, 0x0000017a44f10c30,
0x0000017a44f11100, 0x0000017a44f116c0, 0x0000017a44f12290, 0x0000017a44f13040,
0x0000017a44f15760, 0x0000017a4584ec00, 0x0000017a459c2810, 0x0000017a459c2ce0,
0x0000017a4817f440, 0x0000017a46b6e9d0, 0x0000017a46039a20, 0x0000017a4689e060,
0x0000017a4689e530, 0x0000017a4689eed0, 0x0000017a4689ea00, 0x0000017a4689f3a0,
0x0000017a4689d6c0, 0x0000017a468a0210, 0x0000017a4689f870, 0x0000017a4689c850,
0x0000017a4689d1f0, 0x0000017a481171b0, 0x0000017a48111b10, 0x0000017a48116340,
0x0000017a48111640, 0x0000017a48116ce0, 0x0000017a45b093b0, 0x0000017a45b07ba0,
0x0000017a45b09880, 0x0000017a45b07200, 0x0000017a45b08ee0, 0x0000017a45b0abc0,
0x0000017a45b05ec0, 0x0000017a45b06d30, 0x0000017a45b09d50, 0x0000017a45b0b090,
0x0000017a45b08070, 0x0000017a45b05520, 0x0000017a45b0b560, 0x0000017a45b08540,
0x0000017a45b06390, 0x0000017a487be2f0, 0x0000017a45b08a10, 0x0000017a45b041e0,
0x0000017a45b04b80, 0x0000017a481154d0, 0x0000017a48117b50, 0x0000017a48112980,
0x0000017a481137f0, 0x0000017a481159a0, 0x0000017a48116810, 0x0000017a481184f0,
0x0000017a481189c0, 0x0000017a48117680, 0x0000017a48113320, 0x0000017a48111fe0,
0x0000017a48118e90, 0x0000017a481124b0, 0x0000017a48113cc0, 0x0000017a48115e70,
0x0000017a48114b30, 0x0000017a4689db90, 0x0000017a4689fd40, 0x0000017a4c880d10,
0x0000017a4c886880, 0x0000017a4c884ba0, 0x0000017a4c882ec0, 0x0000017a4c885540,
0x0000017a4c880370, 0x0000017a4c885070, 0x0000017a4c883390, 0x0000017a4c880840,
0x0000017a4c885a10, 0x0000017a4c885ee0, 0x0000017a4c8811e0, 0x0000017a4c883860,
0x0000017a4c883d30, 0x0000017a4c8863b0, 0x0000017a4c87f030, 0x0000017a4c8816b0,
0x0000017a4c881b80, 0x0000017a4c884200, 0x0000017a4c87fea0, 0x0000017a4c8846d0,
0x0000017a4c87f9d0, 0x0000017a4c87f500, 0x0000017a4c882050
}

Java Threads: ( => current thread )
  0x0000017a2b0b4300 JavaThread "main" [_thread_blocked, id=17568, stack(0x000000415e000000,0x000000415e100000)]
  0x0000017a44ef9da0 JavaThread "Reference Handler" daemon [_thread_blocked, id=7024, stack(0x000000415e700000,0x000000415e800000)]
  0x0000017a44efb540 JavaThread "Finalizer" daemon [_thread_blocked, id=11656, stack(0x000000415e800000,0x000000415e900000)]
  0x0000017a44f10c30 JavaThread "Signal Dispatcher" daemon [_thread_blocked, id=17704, stack(0x000000415e900000,0x000000415ea00000)]
  0x0000017a44f11100 JavaThread "Attach Listener" daemon [_thread_blocked, id=17456, stack(0x000000415ea00000,0x000000415eb00000)]
  0x0000017a44f116c0 JavaThread "Service Thread" daemon [_thread_blocked, id=16024, stack(0x000000415eb00000,0x000000415ec00000)]
  0x0000017a44f12290 JavaThread "Monitor Deflation Thread" daemon [_thread_blocked, id=20040, stack(0x000000415ec00000,0x000000415ed00000)]
  0x0000017a44f13040 JavaThread "C2 CompilerThread0" daemon [_thread_blocked, id=18764, stack(0x000000415ed00000,0x000000415ee00000)]
  0x0000017a44f15760 JavaThread "C1 CompilerThread0" daemon [_thread_blocked, id=17892, stack(0x000000415ee00000,0x000000415ef00000)]
  0x0000017a4584ec00 JavaThread "Sweeper thread" daemon [_thread_blocked, id=14240, stack(0x000000415ef00000,0x000000415f000000)]
  0x0000017a459c2810 JavaThread "Common-Cleaner" daemon [_thread_blocked, id=8512, stack(0x000000415f000000,0x000000415f100000)]
  0x0000017a459c2ce0 JavaThread "Notification Thread" daemon [_thread_blocked, id=14064, stack(0x000000415f100000,0x000000415f200000)]
  0x0000017a4817f440 JavaThread "Daemon health stats" [_thread_blocked, id=18300, stack(0x000000415f700000,0x000000415f800000)]
  0x0000017a46b6e9d0 JavaThread "Incoming local TCP Connector on port 61310" [_thread_in_native, id=10284, stack(0x000000415f800000,0x000000415f900000)]
  0x0000017a46039a20 JavaThread "Daemon periodic checks" [_thread_blocked, id=3676, stack(0x000000415f900000,0x000000415fa00000)]
  0x0000017a4689e060 JavaThread "Cache worker for journal cache (C:\Users\vanni\.gradle\caches\journal-1)" [_thread_blocked, id=5880, stack(0x0000004160500000,0x0000004160600000)]
  0x0000017a4689e530 JavaThread "File lock request listener" [_thread_in_native, id=18044, stack(0x0000004160600000,0x0000004160700000)]
  0x0000017a4689eed0 JavaThread "Cache worker for file hash cache (C:\Users\vanni\.gradle\caches\8.0\fileHashes)" [_thread_blocked, id=17828, stack(0x0000004160700000,0x0000004160800000)]
  0x0000017a4689ea00 JavaThread "File watcher server" daemon [_thread_in_native, id=11164, stack(0x0000004160800000,0x0000004160900000)]
  0x0000017a4689f3a0 JavaThread "File watcher consumer" daemon [_thread_blocked, id=22400, stack(0x0000004160900000,0x0000004160a00000)]
  0x0000017a4689d6c0 JavaThread "jar transforms" [_thread_blocked, id=22216, stack(0x0000004160a00000,0x0000004160b00000)]
  0x0000017a468a0210 JavaThread "jar transforms Thread 2" [_thread_blocked, id=2516, stack(0x0000004160b00000,0x0000004160c00000)]
  0x0000017a4689f870 JavaThread "jar transforms Thread 3" [_thread_blocked, id=12812, stack(0x0000004160c00000,0x0000004160d00000)]
  0x0000017a4689c850 JavaThread "jar transforms Thread 4" [_thread_blocked, id=10088, stack(0x0000004160d00000,0x0000004160e00000)]
  0x0000017a4689d1f0 JavaThread "jar transforms Thread 5" [_thread_blocked, id=16664, stack(0x0000004160e00000,0x0000004160f00000)]
  0x0000017a481171b0 JavaThread "jar transforms Thread 6" [_thread_blocked, id=16716, stack(0x0000004160f00000,0x0000004161000000)]
  0x0000017a48111b10 JavaThread "Cache worker for file content cache (C:\Users\vanni\.gradle\caches\8.0\fileContent)" [_thread_blocked, id=1892, stack(0x0000004161200000,0x0000004161300000)]
  0x0000017a48116340 JavaThread "Cache worker for execution history cache (C:\Users\vanni\.gradle\caches\8.0\executionHistory)" [_thread_blocked, id=13120, stack(0x0000004161500000,0x0000004161600000)]
  0x0000017a48111640 JavaThread "jar transforms Thread 7" [_thread_blocked, id=16840, stack(0x0000004161600000,0x0000004161700000)]
  0x0000017a48116ce0 JavaThread "jar transforms Thread 8" [_thread_blocked, id=20304, stack(0x0000004161800000,0x0000004161900000)]
  0x0000017a45b093b0 JavaThread "Memory manager" [_thread_blocked, id=20540, stack(0x0000004166e00000,0x0000004166f00000)]
  0x0000017a45b07ba0 JavaThread "pool-3-thread-1" [_thread_blocked, id=17660, stack(0x0000004166f00000,0x0000004167000000)]
  0x0000017a45b09880 JavaThread "Daemon Thread 2" [_thread_blocked, id=12172, stack(0x000000415de00000,0x000000415df00000)]
  0x0000017a45b07200 JavaThread "Handler for socket connection from /127.0.0.1:61310 to /127.0.0.1:61708" [_thread_in_native, id=1448, stack(0x000000415df00000,0x000000415e000000)]
  0x0000017a45b08ee0 JavaThread "Cancel handler" [_thread_blocked, id=19316, stack(0x000000415fa00000,0x000000415fb00000)]
  0x0000017a45b0abc0 JavaThread "Daemon worker Thread 2" [_thread_blocked, id=3860, stack(0x000000415fb00000,0x000000415fc00000)]
  0x0000017a45b05ec0 JavaThread "Asynchronous log dispatcher for DefaultDaemonConnection: socket connection from /127.0.0.1:61310 to /127.0.0.1:61708" [_thread_blocked, id=3148, stack(0x000000415fc00000,0x000000415fd00000)]
  0x0000017a45b06d30 JavaThread "Stdin handler" [_thread_blocked, id=20832, stack(0x000000415fd00000,0x000000415fe00000)]
  0x0000017a45b09d50 JavaThread "Daemon client event forwarder" [_thread_blocked, id=18008, stack(0x000000415fe00000,0x000000415ff00000)]
  0x0000017a45b0b090 JavaThread "Cache worker for checksums cache (C:\Users\vanni\Desktop\SCUOLA\UNIVERSITA\ANDOROIDO\ProgettoMobile\LordOfTheGames-MobileApp\LordOfTheGames\.gradle\8.0\checksums)" [_thread_blocked, id=4608, stack(0x000000415dd00000,0x000000415de00000)]
  0x0000017a45b08070 JavaThread "Cache worker for cache directory md-rule (C:\Users\vanni\.gradle\caches\8.0\md-rule)" [_thread_blocked, id=17648, stack(0x000000415ff00000,0x0000004160000000)]
  0x0000017a45b05520 JavaThread "Cache worker for file hash cache (C:\Users\vanni\Desktop\SCUOLA\UNIVERSITA\ANDOROIDO\ProgettoMobile\LordOfTheGames-MobileApp\LordOfTheGames\.gradle\8.0\fileHashes)" [_thread_blocked, id=3960, stack(0x0000004160000000,0x0000004160100000)]
  0x0000017a45b0b560 JavaThread "Cache worker for cache directory md-supplier (C:\Users\vanni\.gradle\caches\8.0\md-supplier)" [_thread_blocked, id=18456, stack(0x0000004161000000,0x0000004161100000)]
  0x0000017a45b08540 JavaThread "Cache worker for dependencies-accessors (C:\Users\vanni\Desktop\SCUOLA\UNIVERSITA\ANDOROIDO\ProgettoMobile\LordOfTheGames-MobileApp\LordOfTheGames\.gradle\8.0\dependencies-accessors)" [_thread_blocked, id=20648, stack(0x0000004161100000,0x0000004161200000)]
  0x0000017a45b06390 JavaThread "Cache worker for Build Output Cleanup Cache (C:\Users\vanni\Desktop\SCUOLA\UNIVERSITA\ANDOROIDO\ProgettoMobile\LordOfTheGames-MobileApp\LordOfTheGames\.gradle\buildOutputCleanup)" [_thread_blocked, id=12324, stack(0x0000004161300000,0x0000004161400000)]
=>0x0000017a487be2f0 JavaThread "C2 CompilerThread1" daemon [_thread_in_native, id=1556, stack(0x0000004161400000,0x0000004161500000)]
  0x0000017a45b08a10 JavaThread "Unconstrained build operations" [_thread_blocked, id=14848, stack(0x0000004161700000,0x0000004161800000)]
  0x0000017a45b041e0 JavaThread "Unconstrained build operations Thread 2" [_thread_blocked, id=7048, stack(0x0000004161900000,0x0000004161a00000)]
  0x0000017a45b04b80 JavaThread "Unconstrained build operations Thread 3" [_thread_blocked, id=20324, stack(0x0000004161a00000,0x0000004161b00000)]
  0x0000017a481154d0 JavaThread "Unconstrained build operations Thread 4" [_thread_blocked, id=11580, stack(0x0000004161b00000,0x0000004161c00000)]
  0x0000017a48117b50 JavaThread "Unconstrained build operations Thread 5" [_thread_blocked, id=22376, stack(0x0000004161c00000,0x0000004161d00000)]
  0x0000017a48112980 JavaThread "Unconstrained build operations Thread 6" [_thread_blocked, id=15204, stack(0x0000004161d00000,0x0000004161e00000)]
  0x0000017a481137f0 JavaThread "Unconstrained build operations Thread 7" [_thread_blocked, id=17148, stack(0x0000004161e00000,0x0000004161f00000)]
  0x0000017a481159a0 JavaThread "Unconstrained build operations Thread 8" [_thread_blocked, id=20112, stack(0x0000004161f00000,0x0000004162000000)]
  0x0000017a48116810 JavaThread "Unconstrained build operations Thread 9" [_thread_blocked, id=2780, stack(0x0000004162000000,0x0000004162100000)]
  0x0000017a481184f0 JavaThread "Unconstrained build operations Thread 10" [_thread_blocked, id=13080, stack(0x0000004162100000,0x0000004162200000)]
  0x0000017a481189c0 JavaThread "Unconstrained build operations Thread 11" [_thread_blocked, id=22396, stack(0x0000004162200000,0x0000004162300000)]
  0x0000017a48117680 JavaThread "Unconstrained build operations Thread 12" [_thread_blocked, id=20828, stack(0x0000004162300000,0x0000004162400000)]
  0x0000017a48113320 JavaThread "Unconstrained build operations Thread 13" [_thread_blocked, id=9512, stack(0x0000004162400000,0x0000004162500000)]
  0x0000017a48111fe0 JavaThread "Unconstrained build operations Thread 14" [_thread_blocked, id=9908, stack(0x0000004162500000,0x0000004162600000)]
  0x0000017a48118e90 JavaThread "Unconstrained build operations Thread 15" [_thread_blocked, id=6588, stack(0x0000004162600000,0x0000004162700000)]
  0x0000017a481124b0 JavaThread "Unconstrained build operations Thread 16" [_thread_blocked, id=15656, stack(0x0000004162700000,0x0000004162800000)]
  0x0000017a48113cc0 JavaThread "Unconstrained build operations Thread 17" [_thread_blocked, id=17720, stack(0x0000004162800000,0x0000004162900000)]
  0x0000017a48115e70 JavaThread "Unconstrained build operations Thread 18" [_thread_blocked, id=6120, stack(0x0000004162900000,0x0000004162a00000)]
  0x0000017a48114b30 JavaThread "Unconstrained build operations Thread 19" [_thread_blocked, id=16584, stack(0x0000004162a00000,0x0000004162b00000)]
  0x0000017a4689db90 JavaThread "Unconstrained build operations Thread 20" [_thread_blocked, id=7456, stack(0x0000004162b00000,0x0000004162c00000)]
  0x0000017a4689fd40 JavaThread "Unconstrained build operations Thread 21" [_thread_blocked, id=12280, stack(0x0000004162c00000,0x0000004162d00000)]
  0x0000017a4c880d10 JavaThread "Unconstrained build operations Thread 22" [_thread_blocked, id=10800, stack(0x0000004162d00000,0x0000004162e00000)]
  0x0000017a4c886880 JavaThread "Unconstrained build operations Thread 23" [_thread_blocked, id=9604, stack(0x0000004162e00000,0x0000004162f00000)]
  0x0000017a4c884ba0 JavaThread "Unconstrained build operations Thread 24" [_thread_blocked, id=18936, stack(0x0000004162f00000,0x0000004163000000)]
  0x0000017a4c882ec0 JavaThread "Unconstrained build operations Thread 25" [_thread_blocked, id=17940, stack(0x0000004163000000,0x0000004163100000)]
  0x0000017a4c885540 JavaThread "Unconstrained build operations Thread 26" [_thread_blocked, id=15936, stack(0x0000004163100000,0x0000004163200000)]
  0x0000017a4c880370 JavaThread "Unconstrained build operations Thread 27" [_thread_blocked, id=18108, stack(0x0000004163200000,0x0000004163300000)]
  0x0000017a4c885070 JavaThread "Unconstrained build operations Thread 28" [_thread_blocked, id=3440, stack(0x0000004163300000,0x0000004163400000)]
  0x0000017a4c883390 JavaThread "Unconstrained build operations Thread 29" [_thread_blocked, id=19920, stack(0x0000004163400000,0x0000004163500000)]
  0x0000017a4c880840 JavaThread "Unconstrained build operations Thread 30" [_thread_blocked, id=17948, stack(0x0000004163500000,0x0000004163600000)]
  0x0000017a4c885a10 JavaThread "Unconstrained build operations Thread 31" [_thread_blocked, id=1456, stack(0x0000004163600000,0x0000004163700000)]
  0x0000017a4c885ee0 JavaThread "Unconstrained build operations Thread 32" [_thread_blocked, id=10408, stack(0x0000004163700000,0x0000004163800000)]
  0x0000017a4c8811e0 JavaThread "Unconstrained build operations Thread 33" [_thread_blocked, id=8544, stack(0x0000004163800000,0x0000004163900000)]
  0x0000017a4c883860 JavaThread "Unconstrained build operations Thread 34" [_thread_blocked, id=13128, stack(0x0000004163900000,0x0000004163a00000)]
  0x0000017a4c883d30 JavaThread "Unconstrained build operations Thread 35" [_thread_blocked, id=5792, stack(0x0000004163a00000,0x0000004163b00000)]
  0x0000017a4c8863b0 JavaThread "Unconstrained build operations Thread 36" [_thread_blocked, id=4564, stack(0x0000004163b00000,0x0000004163c00000)]
  0x0000017a4c87f030 JavaThread "Unconstrained build operations Thread 37" [_thread_blocked, id=17396, stack(0x0000004163c00000,0x0000004163d00000)]
  0x0000017a4c8816b0 JavaThread "Unconstrained build operations Thread 38" [_thread_blocked, id=15488, stack(0x0000004163d00000,0x0000004163e00000)]
  0x0000017a4c881b80 JavaThread "Unconstrained build operations Thread 39" [_thread_blocked, id=17392, stack(0x0000004163e00000,0x0000004163f00000)]
  0x0000017a4c884200 JavaThread "Unconstrained build operations Thread 40" [_thread_blocked, id=8476, stack(0x0000004163f00000,0x0000004164000000)]
  0x0000017a4c87fea0 JavaThread "Unconstrained build operations Thread 41" [_thread_blocked, id=19604, stack(0x0000004164000000,0x0000004164100000)]
  0x0000017a4c8846d0 JavaThread "Unconstrained build operations Thread 42" [_thread_blocked, id=13568, stack(0x0000004164100000,0x0000004164200000)]
  0x0000017a4c87f9d0 JavaThread "Unconstrained build operations Thread 43" [_thread_blocked, id=13020, stack(0x0000004164200000,0x0000004164300000)]
  0x0000017a4c87f500 JavaThread "Unconstrained build operations Thread 44" [_thread_blocked, id=10148, stack(0x0000004164300000,0x0000004164400000)]
  0x0000017a4c882050 JavaThread "Unconstrained build operations Thread 45" [_thread_blocked, id=16340, stack(0x0000004164400000,0x0000004164500000)]

Other Threads:
  0x0000017a45813600 VMThread "VM Thread" [stack: 0x000000415e600000,0x000000415e700000] [id=3356]
  0x0000017a2b12b470 WatcherThread [stack: 0x000000415f200000,0x000000415f300000] [id=15956]
  0x0000017a2b112150 GCTaskThread "GC Thread#0" [stack: 0x000000415e100000,0x000000415e200000] [id=12488]
  0x0000017a46512f10 GCTaskThread "GC Thread#1" [stack: 0x000000415f300000,0x000000415f400000] [id=20456]
  0x0000017a465131c0 GCTaskThread "GC Thread#2" [stack: 0x000000415f400000,0x000000415f500000] [id=16588]
  0x0000017a46689100 GCTaskThread "GC Thread#3" [stack: 0x000000415f500000,0x000000415f600000] [id=4184]
  0x0000017a466b8f50 GCTaskThread "GC Thread#4" [stack: 0x000000415f600000,0x000000415f700000] [id=20004]
  0x0000017a46027030 GCTaskThread "GC Thread#5" [stack: 0x0000004160100000,0x0000004160200000] [id=11908]
  0x0000017a46897890 GCTaskThread "GC Thread#6" [stack: 0x0000004160200000,0x0000004160300000] [id=4680]
  0x0000017a459373d0 GCTaskThread "GC Thread#7" [stack: 0x0000004160300000,0x0000004160400000] [id=16280]
  0x0000017a2b122f90 ConcurrentGCThread "G1 Main Marker" [stack: 0x000000415e200000,0x000000415e300000] [id=6176]
  0x0000017a2b1238a0 ConcurrentGCThread "G1 Conc#0" [stack: 0x000000415e300000,0x000000415e400000] [id=5640]
  0x0000017a467108f0 ConcurrentGCThread "G1 Conc#1" [stack: 0x0000004160400000,0x0000004160500000] [id=3552]
  0x0000017a2b16d060 ConcurrentGCThread "G1 Refine#0" [stack: 0x000000415e400000,0x000000415e500000] [id=15492]
  0x0000017a44d64730 ConcurrentGCThread "G1 Service" [stack: 0x000000415e500000,0x000000415e600000] [id=10276]

Threads with active compile tasks:
C2 CompilerThread0   560554 9880 %     4       java.security.AccessControlContext::combine @ 104 (205 bytes)
C2 CompilerThread1   560555 9869   !   4       org.gradle.api.internal.attributes.DefaultImmutableAttributesFactory::doConcatIsolatable (128 bytes)

VM state: at safepoint (normal execution)

VM Mutex/Monitor currently owned by a thread:  ([mutex/lock_event])
[0x0000017a2b0b0190] Threads_lock - owner thread: 0x0000017a45813600
[0x0000017a2b0afb60] Heap_lock - owner thread: 0x0000017a4c87f500

Heap address: 0x0000000080000000, size: 2048 MB, Compressed Oops mode: 32-bit

CDS archive(s) not mapped
Compressed class space mapped at: 0x0000000100000000-0x0000000140000000, reserved size: 1073741824
Narrow klass base: 0x0000000000000000, Narrow klass shift: 3, Narrow klass range: 0x140000000

GC Precious Log:
 CPUs: 8 total, 8 available
 Memory: 8040M
 Large Page Support: Disabled
 NUMA Support: Disabled
 Compressed Oops: Enabled (32-bit)
 Heap Region Size: 1M
 Heap Min Capacity: 8M
 Heap Initial Capacity: 126M
 Heap Max Capacity: 2G
 Pre-touch: Disabled
 Parallel Workers: 8
 Concurrent Workers: 2
 Concurrent Refinement Workers: 8
 Periodic GC: Disabled

Heap:
 garbage-first heap   total 236544K, used 174550K [0x0000000080000000, 0x0000000100000000)
  region size 1024K, 89 young (91136K), 8 survivors (8192K)
 Metaspace       used 97588K, committed 98304K, reserved 1138688K
  class space    used 12775K, committed 13120K, reserved 1048576K

Heap Regions: E=young(eden), S=young(survivor), O=old, HS=humongous(starts), HC=humongous(continues), CS=collection set, F=free, OA=open archive, CA=closed archive, TAMS=top-at-mark-start (previous, next)
|   0|0x0000000080000000, 0x0000000080100000, 0x0000000080100000|100%|HS|  |TAMS 0x0000000080100000, 0x0000000080100000| Complete 
|   1|0x0000000080100000, 0x0000000080200000, 0x0000000080200000|100%|HC|  |TAMS 0x0000000080200000, 0x0000000080200000| Complete 
|   2|0x0000000080200000, 0x0000000080300000, 0x0000000080300000|100%|HC|  |TAMS 0x0000000080300000, 0x0000000080300000| Complete 
|   3|0x0000000080300000, 0x0000000080400000, 0x0000000080400000|100%|HC|  |TAMS 0x0000000080400000, 0x0000000080400000| Complete 
|   4|0x0000000080400000, 0x0000000080500000, 0x0000000080500000|100%| O|  |TAMS 0x0000000080500000, 0x0000000080500000| Untracked 
|   5|0x0000000080500000, 0x0000000080600000, 0x0000000080600000|100%| O|  |TAMS 0x0000000080600000, 0x0000000080600000| Untracked 
|   6|0x0000000080600000, 0x0000000080700000, 0x0000000080700000|100%| O|  |TAMS 0x0000000080700000, 0x0000000080700000| Untracked 
|   7|0x0000000080700000, 0x0000000080800000, 0x0000000080800000|100%| O|  |TAMS 0x0000000080800000, 0x0000000080800000| Untracked 
|   8|0x0000000080800000, 0x0000000080900000, 0x0000000080900000|100%| O|  |TAMS 0x0000000080900000, 0x0000000080900000| Untracked 
|   9|0x0000000080900000, 0x0000000080a00000, 0x0000000080a00000|100%| O|  |TAMS 0x0000000080a00000, 0x0000000080a00000| Untracked 
|  10|0x0000000080a00000, 0x0000000080b00000, 0x0000000080b00000|100%| O|  |TAMS 0x0000000080b00000, 0x0000000080b00000| Untracked 
|  11|0x0000000080b00000, 0x0000000080c00000, 0x0000000080c00000|100%|HS|  |TAMS 0x0000000080b00000, 0x0000000080c00000| Complete 
|  12|0x0000000080c00000, 0x0000000080d00000, 0x0000000080d00000|100%| O|  |TAMS 0x0000000080d00000, 0x0000000080d00000| Untracked 
|  13|0x0000000080d00000, 0x0000000080e00000, 0x0000000080e00000|100%| O|  |TAMS 0x0000000080e00000, 0x0000000080e00000| Untracked 
|  14|0x0000000080e00000, 0x0000000080f00000, 0x0000000080f00000|100%| O|  |TAMS 0x0000000080f00000, 0x0000000080f00000| Untracked 
|  15|0x0000000080f00000, 0x0000000081000000, 0x0000000081000000|100%| O|  |TAMS 0x0000000081000000, 0x0000000081000000| Untracked 
|  16|0x0000000081000000, 0x0000000081100000, 0x0000000081100000|100%| O|  |TAMS 0x0000000081100000, 0x0000000081100000| Untracked 
|  17|0x0000000081100000, 0x0000000081200000, 0x0000000081200000|100%| O|  |TAMS 0x0000000081200000, 0x0000000081200000| Untracked 
|  18|0x0000000081200000, 0x0000000081300000, 0x0000000081300000|100%| O|  |TAMS 0x0000000081300000, 0x0000000081300000| Untracked 
|  19|0x0000000081300000, 0x0000000081400000, 0x0000000081400000|100%|HS|  |TAMS 0x0000000081400000, 0x0000000081400000| Complete 
|  20|0x0000000081400000, 0x0000000081500000, 0x0000000081500000|100%|HC|  |TAMS 0x0000000081500000, 0x0000000081500000| Complete 
|  21|0x0000000081500000, 0x0000000081600000, 0x0000000081600000|100%|HS|  |TAMS 0x0000000081600000, 0x0000000081600000| Complete 
|  22|0x0000000081600000, 0x0000000081700000, 0x0000000081700000|100%|HC|  |TAMS 0x0000000081700000, 0x0000000081700000| Complete 
|  23|0x0000000081700000, 0x0000000081800000, 0x0000000081800000|100%|HC|  |TAMS 0x0000000081800000, 0x0000000081800000| Complete 
|  24|0x0000000081800000, 0x0000000081900000, 0x0000000081900000|100%| O|  |TAMS 0x0000000081900000, 0x0000000081900000| Untracked 
|  25|0x0000000081900000, 0x0000000081a00000, 0x0000000081a00000|100%| O|  |TAMS 0x0000000081a00000, 0x0000000081a00000| Untracked 
|  26|0x0000000081a00000, 0x0000000081b00000, 0x0000000081b00000|100%| O|  |TAMS 0x0000000081b00000, 0x0000000081b00000| Untracked 
|  27|0x0000000081b00000, 0x0000000081c00000, 0x0000000081c00000|100%| O|  |TAMS 0x0000000081c00000, 0x0000000081c00000| Untracked 
|  28|0x0000000081c00000, 0x0000000081d00000, 0x0000000081d00000|100%| O|  |TAMS 0x0000000081d00000, 0x0000000081d00000| Untracked 
|  29|0x0000000081d00000, 0x0000000081e00000, 0x0000000081e00000|100%| O|  |TAMS 0x0000000081e00000, 0x0000000081e00000| Untracked 
|  30|0x0000000081e00000, 0x0000000081f00000, 0x0000000081f00000|100%| O|  |TAMS 0x0000000081f00000, 0x0000000081f00000| Untracked 
|  31|0x0000000081f00000, 0x0000000082000000, 0x0000000082000000|100%| O|  |TAMS 0x0000000082000000, 0x0000000082000000| Untracked 
|  32|0x0000000082000000, 0x0000000082100000, 0x0000000082100000|100%| O|  |TAMS 0x0000000082100000, 0x0000000082100000| Untracked 
|  33|0x0000000082100000, 0x0000000082200000, 0x0000000082200000|100%| O|  |TAMS 0x0000000082200000, 0x0000000082200000| Untracked 
|  34|0x0000000082200000, 0x0000000082300000, 0x0000000082300000|100%| O|  |TAMS 0x0000000082300000, 0x0000000082300000| Untracked 
|  35|0x0000000082300000, 0x0000000082400000, 0x0000000082400000|100%| O|  |TAMS 0x0000000082400000, 0x0000000082400000| Untracked 
|  36|0x0000000082400000, 0x0000000082500000, 0x0000000082500000|100%| O|  |TAMS 0x0000000082500000, 0x0000000082500000| Untracked 
|  37|0x0000000082500000, 0x0000000082600000, 0x0000000082600000|100%|HS|  |TAMS 0x0000000082600000, 0x0000000082600000| Complete 
|  38|0x0000000082600000, 0x0000000082700000, 0x0000000082700000|100%|HC|  |TAMS 0x0000000082700000, 0x0000000082700000| Complete 
|  39|0x0000000082700000, 0x0000000082800000, 0x0000000082800000|100%| O|  |TAMS 0x0000000082800000, 0x0000000082800000| Untracked 
|  40|0x0000000082800000, 0x0000000082900000, 0x0000000082900000|100%| O|  |TAMS 0x0000000082900000, 0x0000000082900000| Untracked 
|  41|0x0000000082900000, 0x0000000082a00000, 0x0000000082a00000|100%| O|  |TAMS 0x0000000082a00000, 0x0000000082a00000| Untracked 
|  42|0x0000000082a00000, 0x0000000082b00000, 0x0000000082b00000|100%| O|  |TAMS 0x0000000082b00000, 0x0000000082b00000| Untracked 
|  43|0x0000000082b00000, 0x0000000082c00000, 0x0000000082c00000|100%| O|  |TAMS 0x0000000082b00000, 0x0000000082b00000| Untracked 
|  44|0x0000000082c00000, 0x0000000082d00000, 0x0000000082d00000|100%| O|  |TAMS 0x0000000082d00000, 0x0000000082d00000| Untracked 
|  45|0x0000000082d00000, 0x0000000082e00000, 0x0000000082e00000|100%| O|  |TAMS 0x0000000082e00000, 0x0000000082e00000| Untracked 
|  46|0x0000000082e00000, 0x0000000082f00000, 0x0000000082f00000|100%| O|  |TAMS 0x0000000082f00000, 0x0000000082f00000| Untracked 
|  47|0x0000000082f00000, 0x0000000083000000, 0x0000000083000000|100%|HS|  |TAMS 0x0000000083000000, 0x0000000083000000| Complete 
|  48|0x0000000083000000, 0x0000000083100000, 0x0000000083100000|100%|HS|  |TAMS 0x0000000083100000, 0x0000000083100000| Complete 
|  49|0x0000000083100000, 0x0000000083200000, 0x0000000083200000|100%|HC|  |TAMS 0x0000000083200000, 0x0000000083200000| Complete 
|  50|0x0000000083200000, 0x0000000083300000, 0x0000000083300000|100%| O|  |TAMS 0x0000000083300000, 0x0000000083300000| Untracked 
|  51|0x0000000083300000, 0x0000000083400000, 0x0000000083400000|100%|HS|  |TAMS 0x0000000083400000, 0x0000000083400000| Complete 
|  52|0x0000000083400000, 0x0000000083500000, 0x0000000083500000|100%| O|  |TAMS 0x0000000083500000, 0x0000000083500000| Untracked 
|  53|0x0000000083500000, 0x0000000083600000, 0x0000000083600000|100%| O|  |TAMS 0x0000000083600000, 0x0000000083600000| Untracked 
|  54|0x0000000083600000, 0x0000000083700000, 0x0000000083700000|100%|HS|  |TAMS 0x0000000083700000, 0x0000000083700000| Complete 
|  55|0x0000000083700000, 0x0000000083800000, 0x0000000083800000|100%|HC|  |TAMS 0x0000000083800000, 0x0000000083800000| Complete 
|  56|0x0000000083800000, 0x0000000083900000, 0x0000000083900000|100%|HC|  |TAMS 0x0000000083900000, 0x0000000083900000| Complete 
|  57|0x0000000083900000, 0x0000000083a00000, 0x0000000083a00000|100%|HC|  |TAMS 0x0000000083a00000, 0x0000000083a00000| Complete 
|  58|0x0000000083a00000, 0x0000000083b00000, 0x0000000083b00000|100%| O|  |TAMS 0x0000000083b00000, 0x0000000083b00000| Untracked 
|  59|0x0000000083b00000, 0x0000000083c00000, 0x0000000083c00000|100%| O|  |TAMS 0x0000000083c00000, 0x0000000083c00000| Untracked 
|  60|0x0000000083c00000, 0x0000000083d00000, 0x0000000083d00000|100%| O|  |TAMS 0x0000000083d00000, 0x0000000083d00000| Untracked 
|  61|0x0000000083d00000, 0x0000000083e00000, 0x0000000083e00000|100%| O|  |TAMS 0x0000000083e00000, 0x0000000083e00000| Untracked 
|  62|0x0000000083e00000, 0x0000000083f00000, 0x0000000083f00000|100%| O|  |TAMS 0x0000000083f00000, 0x0000000083f00000| Untracked 
|  63|0x0000000083f00000, 0x0000000084000000, 0x0000000084000000|100%| O|  |TAMS 0x0000000084000000, 0x0000000084000000| Untracked 
|  64|0x0000000084000000, 0x0000000084100000, 0x0000000084100000|100%| O|  |TAMS 0x0000000084100000, 0x0000000084100000| Untracked 
|  65|0x0000000084100000, 0x0000000084200000, 0x0000000084200000|100%| O|  |TAMS 0x000000008410dc00, 0x0000000084200000| Untracked 
|  66|0x0000000084200000, 0x0000000084300000, 0x0000000084300000|100%| O|  |TAMS 0x0000000084200000, 0x0000000084300000| Untracked 
|  67|0x0000000084300000, 0x0000000084400000, 0x0000000084400000|100%|HS|  |TAMS 0x0000000084300000, 0x0000000084400000| Complete 
|  68|0x0000000084400000, 0x0000000084500000, 0x0000000084500000|100%|HS|  |TAMS 0x0000000084400000, 0x0000000084500000| Complete 
|  69|0x0000000084500000, 0x0000000084600000, 0x0000000084600000|100%| O|  |TAMS 0x0000000084500000, 0x0000000084600000| Untracked 
|  70|0x0000000084600000, 0x0000000084700000, 0x0000000084700000|100%| O|  |TAMS 0x0000000084600000, 0x0000000084700000| Untracked 
|  71|0x0000000084700000, 0x0000000084800000, 0x0000000084800000|100%| O|  |TAMS 0x0000000084700000, 0x0000000084800000| Untracked 
|  72|0x0000000084800000, 0x0000000084900000, 0x0000000084900000|100%| O|  |TAMS 0x0000000084800000, 0x00000000848dac00| Untracked 
|  73|0x0000000084900000, 0x0000000084a00000, 0x0000000084a00000|100%|HS|  |TAMS 0x0000000084900000, 0x0000000084900000| Complete 
|  74|0x0000000084a00000, 0x0000000084b00000, 0x0000000084b00000|100%| O|  |TAMS 0x0000000084a00000, 0x0000000084a00000| Untracked 
|  75|0x0000000084b00000, 0x0000000084c00000, 0x0000000084c00000|100%| O|  |TAMS 0x0000000084b00000, 0x0000000084b00000| Untracked 
|  76|0x0000000084c00000, 0x0000000084d00000, 0x0000000084d00000|100%| O|  |TAMS 0x0000000084c00000, 0x0000000084c00000| Untracked 
|  77|0x0000000084d00000, 0x0000000084e00000, 0x0000000084e00000|100%| O|  |TAMS 0x0000000084d00000, 0x0000000084d00000| Untracked 
|  78|0x0000000084e00000, 0x0000000084f00000, 0x0000000084f00000|100%| O|  |TAMS 0x0000000084e00000, 0x0000000084e00000| Untracked 
|  79|0x0000000084f00000, 0x0000000085000000, 0x0000000085000000|100%| O|  |TAMS 0x0000000084f00000, 0x0000000084f00000| Untracked 
|  80|0x0000000085000000, 0x0000000085100000, 0x0000000085100000|100%| O|  |TAMS 0x0000000085000000, 0x0000000085000000| Untracked 
|  81|0x0000000085100000, 0x0000000085200000, 0x0000000085200000|100%| O|  |TAMS 0x0000000085100000, 0x0000000085100000| Untracked 
|  82|0x0000000085200000, 0x00000000852deaa0, 0x0000000085300000| 86%| O|  |TAMS 0x0000000085200000, 0x0000000085200000| Untracked 
|  83|0x0000000085300000, 0x0000000085300000, 0x0000000085400000|  0%| F|  |TAMS 0x0000000085300000, 0x0000000085300000| Untracked 
|  84|0x0000000085400000, 0x0000000085400000, 0x0000000085500000|  0%| F|  |TAMS 0x0000000085400000, 0x0000000085400000| Untracked 
|  85|0x0000000085500000, 0x0000000085500000, 0x0000000085600000|  0%| F|  |TAMS 0x0000000085500000, 0x0000000085500000| Untracked 
|  86|0x0000000085600000, 0x0000000085600000, 0x0000000085700000|  0%| F|  |TAMS 0x0000000085600000, 0x0000000085600000| Untracked 
|  87|0x0000000085700000, 0x0000000085700000, 0x0000000085800000|  0%| F|  |TAMS 0x0000000085700000, 0x0000000085700000| Untracked 
|  88|0x0000000085800000, 0x0000000085800000, 0x0000000085900000|  0%| F|  |TAMS 0x0000000085800000, 0x0000000085800000| Untracked 
|  89|0x0000000085900000, 0x0000000085900000, 0x0000000085a00000|  0%| F|  |TAMS 0x0000000085900000, 0x0000000085900000| Untracked 
|  90|0x0000000085a00000, 0x0000000085a00000, 0x0000000085b00000|  0%| F|  |TAMS 0x0000000085a00000, 0x0000000085a00000| Untracked 
|  91|0x0000000085b00000, 0x0000000085b00000, 0x0000000085c00000|  0%| F|  |TAMS 0x0000000085b00000, 0x0000000085b00000| Untracked 
|  92|0x0000000085c00000, 0x0000000085c00000, 0x0000000085d00000|  0%| F|  |TAMS 0x0000000085c00000, 0x0000000085c00000| Untracked 
|  93|0x0000000085d00000, 0x0000000085d00000, 0x0000000085e00000|  0%| F|  |TAMS 0x0000000085d00000, 0x0000000085d00000| Untracked 
|  94|0x0000000085e00000, 0x0000000085e00000, 0x0000000085f00000|  0%| F|  |TAMS 0x0000000085e00000, 0x0000000085e00000| Untracked 
|  95|0x0000000085f00000, 0x0000000085f00000, 0x0000000086000000|  0%| F|  |TAMS 0x0000000085f00000, 0x0000000085f00000| Untracked 
|  96|0x0000000086000000, 0x0000000086000000, 0x0000000086100000|  0%| F|  |TAMS 0x0000000086000000, 0x0000000086000000| Untracked 
|  97|0x0000000086100000, 0x0000000086100000, 0x0000000086200000|  0%| F|  |TAMS 0x0000000086100000, 0x0000000086100000| Untracked 
|  98|0x0000000086200000, 0x0000000086200000, 0x0000000086300000|  0%| F|  |TAMS 0x0000000086200000, 0x0000000086200000| Untracked 
|  99|0x0000000086300000, 0x0000000086300000, 0x0000000086400000|  0%| F|  |TAMS 0x0000000086300000, 0x0000000086300000| Untracked 
| 100|0x0000000086400000, 0x0000000086400000, 0x0000000086500000|  0%| F|  |TAMS 0x0000000086400000, 0x0000000086400000| Untracked 
| 101|0x0000000086500000, 0x0000000086500000, 0x0000000086600000|  0%| F|  |TAMS 0x0000000086500000, 0x0000000086500000| Untracked 
| 102|0x0000000086600000, 0x0000000086600000, 0x0000000086700000|  0%| F|  |TAMS 0x0000000086600000, 0x0000000086600000| Untracked 
| 103|0x0000000086700000, 0x0000000086700000, 0x0000000086800000|  0%| F|  |TAMS 0x0000000086700000, 0x0000000086700000| Untracked 
| 104|0x0000000086800000, 0x0000000086800000, 0x0000000086900000|  0%| F|  |TAMS 0x0000000086800000, 0x0000000086800000| Untracked 
| 105|0x0000000086900000, 0x0000000086900000, 0x0000000086a00000|  0%| F|  |TAMS 0x0000000086900000, 0x0000000086900000| Untracked 
| 106|0x0000000086a00000, 0x0000000086a00000, 0x0000000086b00000|  0%| F|  |TAMS 0x0000000086a00000, 0x0000000086a00000| Untracked 
| 107|0x0000000086b00000, 0x0000000086b00000, 0x0000000086c00000|  0%| F|  |TAMS 0x0000000086b00000, 0x0000000086b00000| Untracked 
| 108|0x0000000086c00000, 0x0000000086c00000, 0x0000000086d00000|  0%| F|  |TAMS 0x0000000086c00000, 0x0000000086c00000| Untracked 
| 109|0x0000000086d00000, 0x0000000086d00000, 0x0000000086e00000|  0%| F|  |TAMS 0x0000000086d00000, 0x0000000086d00000| Untracked 
| 110|0x0000000086e00000, 0x0000000086e00000, 0x0000000086f00000|  0%| F|  |TAMS 0x0000000086e00000, 0x0000000086e00000| Untracked 
| 111|0x0000000086f00000, 0x0000000086f00000, 0x0000000087000000|  0%| F|  |TAMS 0x0000000086f00000, 0x0000000086f00000| Untracked 
| 112|0x0000000087000000, 0x0000000087000000, 0x0000000087100000|  0%| F|  |TAMS 0x0000000087000000, 0x0000000087000000| Untracked 
| 113|0x0000000087100000, 0x0000000087100000, 0x0000000087200000|  0%| F|  |TAMS 0x0000000087100000, 0x0000000087100000| Untracked 
| 114|0x0000000087200000, 0x0000000087200000, 0x0000000087300000|  0%| F|  |TAMS 0x0000000087200000, 0x0000000087200000| Untracked 
| 115|0x0000000087300000, 0x0000000087300000, 0x0000000087400000|  0%| F|  |TAMS 0x0000000087300000, 0x0000000087300000| Untracked 
| 116|0x0000000087400000, 0x0000000087400000, 0x0000000087500000|  0%| F|  |TAMS 0x0000000087400000, 0x0000000087400000| Untracked 
| 117|0x0000000087500000, 0x0000000087500000, 0x0000000087600000|  0%| F|  |TAMS 0x0000000087500000, 0x0000000087500000| Untracked 
| 118|0x0000000087600000, 0x0000000087600000, 0x0000000087700000|  0%| F|  |TAMS 0x0000000087600000, 0x0000000087600000| Untracked 
| 119|0x0000000087700000, 0x0000000087700000, 0x0000000087800000|  0%| F|  |TAMS 0x0000000087700000, 0x0000000087700000| Untracked 
| 120|0x0000000087800000, 0x0000000087800000, 0x0000000087900000|  0%| F|  |TAMS 0x0000000087800000, 0x0000000087800000| Untracked 
| 121|0x0000000087900000, 0x0000000087900000, 0x0000000087a00000|  0%| F|  |TAMS 0x0000000087900000, 0x0000000087900000| Untracked 
| 122|0x0000000087a00000, 0x0000000087a00000, 0x0000000087b00000|  0%| F|  |TAMS 0x0000000087a00000, 0x0000000087a00000| Untracked 
| 123|0x0000000087b00000, 0x0000000087b00000, 0x0000000087c00000|  0%| F|  |TAMS 0x0000000087b00000, 0x0000000087b00000| Untracked 
| 124|0x0000000087c00000, 0x0000000087c00000, 0x0000000087d00000|  0%| F|  |TAMS 0x0000000087c00000, 0x0000000087c00000| Untracked 
| 125|0x0000000087d00000, 0x0000000087d00000, 0x0000000087e00000|  0%| F|  |TAMS 0x0000000087d00000, 0x0000000087d00000| Untracked 
| 126|0x0000000087e00000, 0x0000000087e00000, 0x0000000087f00000|  0%| F|  |TAMS 0x0000000087e00000, 0x0000000087e00000| Untracked 
| 127|0x0000000087f00000, 0x0000000087f6ac00, 0x0000000088000000| 41%| E|CS|TAMS 0x0000000087f00000, 0x0000000087f00000| Complete 
| 128|0x0000000088000000, 0x0000000088100000, 0x0000000088100000|100%| E|CS|TAMS 0x0000000088000000, 0x0000000088000000| Complete 
| 129|0x0000000088100000, 0x0000000088200000, 0x0000000088200000|100%| E|CS|TAMS 0x0000000088100000, 0x0000000088100000| Complete 
| 130|0x0000000088200000, 0x0000000088300000, 0x0000000088300000|100%| E|CS|TAMS 0x0000000088200000, 0x0000000088200000| Complete 
| 131|0x0000000088300000, 0x0000000088400000, 0x0000000088400000|100%| E|CS|TAMS 0x0000000088300000, 0x0000000088300000| Complete 
| 132|0x0000000088400000, 0x0000000088500000, 0x0000000088500000|100%| E|CS|TAMS 0x0000000088400000, 0x0000000088400000| Complete 
| 133|0x0000000088500000, 0x0000000088600000, 0x0000000088600000|100%| E|CS|TAMS 0x0000000088500000, 0x0000000088500000| Complete 
| 134|0x0000000088600000, 0x0000000088700000, 0x0000000088700000|100%| E|CS|TAMS 0x0000000088600000, 0x0000000088600000| Complete 
| 135|0x0000000088700000, 0x0000000088800000, 0x0000000088800000|100%| E|CS|TAMS 0x0000000088700000, 0x0000000088700000| Complete 
| 136|0x0000000088800000, 0x0000000088900000, 0x0000000088900000|100%| E|CS|TAMS 0x0000000088800000, 0x0000000088800000| Complete 
| 137|0x0000000088900000, 0x0000000088a00000, 0x0000000088a00000|100%| E|CS|TAMS 0x0000000088900000, 0x0000000088900000| Complete 
| 138|0x0000000088a00000, 0x0000000088b00000, 0x0000000088b00000|100%| E|CS|TAMS 0x0000000088a00000, 0x0000000088a00000| Complete 
| 139|0x0000000088b00000, 0x0000000088b00000, 0x0000000088c00000|  0%| F|  |TAMS 0x0000000088b00000, 0x0000000088b00000| Untracked 
| 140|0x0000000088c00000, 0x0000000088c00000, 0x0000000088d00000|  0%| F|  |TAMS 0x0000000088c00000, 0x0000000088c00000| Untracked 
| 141|0x0000000088d00000, 0x0000000088d00000, 0x0000000088e00000|  0%| F|  |TAMS 0x0000000088d00000, 0x0000000088d00000| Untracked 
| 142|0x0000000088e00000, 0x0000000088e5e6d8, 0x0000000088f00000| 36%| S|  |TAMS 0x0000000088e00000, 0x0000000088e00000| Complete 
| 143|0x0000000088f00000, 0x0000000089000000, 0x0000000089000000|100%| S|  |TAMS 0x0000000088f00000, 0x0000000088f00000| Complete 
| 144|0x0000000089000000, 0x0000000089100000, 0x0000000089100000|100%| S|  |TAMS 0x0000000089000000, 0x0000000089000000| Complete 
| 145|0x0000000089100000, 0x0000000089200000, 0x0000000089200000|100%| S|  |TAMS 0x0000000089100000, 0x0000000089100000| Complete 
| 146|0x0000000089200000, 0x0000000089300000, 0x0000000089300000|100%| S|  |TAMS 0x0000000089200000, 0x0000000089200000| Complete 
| 147|0x0000000089300000, 0x0000000089400000, 0x0000000089400000|100%| S|  |TAMS 0x0000000089300000, 0x0000000089300000| Complete 
| 148|0x0000000089400000, 0x0000000089500000, 0x0000000089500000|100%| S|  |TAMS 0x0000000089400000, 0x0000000089400000| Complete 
| 149|0x0000000089500000, 0x0000000089600000, 0x0000000089600000|100%| S|  |TAMS 0x0000000089500000, 0x0000000089500000| Complete 
| 150|0x0000000089600000, 0x0000000089700000, 0x0000000089700000|100%| E|CS|TAMS 0x0000000089600000, 0x0000000089600000| Complete 
| 151|0x0000000089700000, 0x0000000089800000, 0x0000000089800000|100%| E|CS|TAMS 0x0000000089700000, 0x0000000089700000| Complete 
| 152|0x0000000089800000, 0x0000000089900000, 0x0000000089900000|100%| E|CS|TAMS 0x0000000089800000, 0x0000000089800000| Complete 
| 153|0x0000000089900000, 0x0000000089a00000, 0x0000000089a00000|100%| E|CS|TAMS 0x0000000089900000, 0x0000000089900000| Complete 
| 154|0x0000000089a00000, 0x0000000089b00000, 0x0000000089b00000|100%| E|CS|TAMS 0x0000000089a00000, 0x0000000089a00000| Complete 
| 155|0x0000000089b00000, 0x0000000089c00000, 0x0000000089c00000|100%| E|CS|TAMS 0x0000000089b00000, 0x0000000089b00000| Complete 
| 156|0x0000000089c00000, 0x0000000089d00000, 0x0000000089d00000|100%| E|CS|TAMS 0x0000000089c00000, 0x0000000089c00000| Complete 
| 157|0x0000000089d00000, 0x0000000089e00000, 0x0000000089e00000|100%| E|CS|TAMS 0x0000000089d00000, 0x0000000089d00000| Complete 
| 158|0x0000000089e00000, 0x0000000089f00000, 0x0000000089f00000|100%| E|CS|TAMS 0x0000000089e00000, 0x0000000089e00000| Complete 
| 159|0x0000000089f00000, 0x000000008a000000, 0x000000008a000000|100%| E|CS|TAMS 0x0000000089f00000, 0x0000000089f00000| Complete 
| 160|0x000000008a000000, 0x000000008a100000, 0x000000008a100000|100%| E|CS|TAMS 0x000000008a000000, 0x000000008a000000| Complete 
| 161|0x000000008a100000, 0x000000008a200000, 0x000000008a200000|100%| E|CS|TAMS 0x000000008a100000, 0x000000008a100000| Complete 
| 162|0x000000008a200000, 0x000000008a300000, 0x000000008a300000|100%| E|CS|TAMS 0x000000008a200000, 0x000000008a200000| Complete 
| 163|0x000000008a300000, 0x000000008a400000, 0x000000008a400000|100%| E|CS|TAMS 0x000000008a300000, 0x000000008a300000| Complete 
| 164|0x000000008a400000, 0x000000008a500000, 0x000000008a500000|100%| E|CS|TAMS 0x000000008a400000, 0x000000008a400000| Complete 
| 165|0x000000008a500000, 0x000000008a600000, 0x000000008a600000|100%| E|CS|TAMS 0x000000008a500000, 0x000000008a500000| Complete 
| 166|0x000000008a600000, 0x000000008a700000, 0x000000008a700000|100%| E|CS|TAMS 0x000000008a600000, 0x000000008a600000| Complete 
| 167|0x000000008a700000, 0x000000008a800000, 0x000000008a800000|100%| E|CS|TAMS 0x000000008a700000, 0x000000008a700000| Complete 
| 168|0x000000008a800000, 0x000000008a900000, 0x000000008a900000|100%| E|CS|TAMS 0x000000008a800000, 0x000000008a800000| Complete 
| 169|0x000000008a900000, 0x000000008aa00000, 0x000000008aa00000|100%| E|CS|TAMS 0x000000008a900000, 0x000000008a900000| Complete 
| 170|0x000000008aa00000, 0x000000008ab00000, 0x000000008ab00000|100%| E|CS|TAMS 0x000000008aa00000, 0x000000008aa00000| Complete 
| 171|0x000000008ab00000, 0x000000008ac00000, 0x000000008ac00000|100%| E|CS|TAMS 0x000000008ab00000, 0x000000008ab00000| Complete 
| 172|0x000000008ac00000, 0x000000008ad00000, 0x000000008ad00000|100%| E|CS|TAMS 0x000000008ac00000, 0x000000008ac00000| Complete 
| 173|0x000000008ad00000, 0x000000008ae00000, 0x000000008ae00000|100%| E|CS|TAMS 0x000000008ad00000, 0x000000008ad00000| Complete 
| 174|0x000000008ae00000, 0x000000008af00000, 0x000000008af00000|100%| E|CS|TAMS 0x000000008ae00000, 0x000000008ae00000| Complete 
| 175|0x000000008af00000, 0x000000008b000000, 0x000000008b000000|100%| E|CS|TAMS 0x000000008af00000, 0x000000008af00000| Complete 
| 176|0x000000008b000000, 0x000000008b100000, 0x000000008b100000|100%| E|CS|TAMS 0x000000008b000000, 0x000000008b000000| Complete 
| 177|0x000000008b100000, 0x000000008b200000, 0x000000008b200000|100%| E|CS|TAMS 0x000000008b100000, 0x000000008b100000| Complete 
| 178|0x000000008b200000, 0x000000008b300000, 0x000000008b300000|100%| E|CS|TAMS 0x000000008b200000, 0x000000008b200000| Complete 
| 179|0x000000008b300000, 0x000000008b400000, 0x000000008b400000|100%| E|CS|TAMS 0x000000008b300000, 0x000000008b300000| Complete 
| 180|0x000000008b400000, 0x000000008b500000, 0x000000008b500000|100%| E|CS|TAMS 0x000000008b400000, 0x000000008b400000| Complete 
| 181|0x000000008b500000, 0x000000008b600000, 0x000000008b600000|100%| E|CS|TAMS 0x000000008b500000, 0x000000008b500000| Complete 
| 182|0x000000008b600000, 0x000000008b700000, 0x000000008b700000|100%| E|CS|TAMS 0x000000008b600000, 0x000000008b600000| Complete 
| 183|0x000000008b700000, 0x000000008b800000, 0x000000008b800000|100%| E|CS|TAMS 0x000000008b700000, 0x000000008b700000| Complete 
| 184|0x000000008b800000, 0x000000008b900000, 0x000000008b900000|100%| E|CS|TAMS 0x000000008b800000, 0x000000008b800000| Complete 
| 185|0x000000008b900000, 0x000000008ba00000, 0x000000008ba00000|100%| E|CS|TAMS 0x000000008b900000, 0x000000008b900000| Complete 
| 186|0x000000008ba00000, 0x000000008bb00000, 0x000000008bb00000|100%| E|CS|TAMS 0x000000008ba00000, 0x000000008ba00000| Complete 
| 187|0x000000008bb00000, 0x000000008bc00000, 0x000000008bc00000|100%| E|CS|TAMS 0x000000008bb00000, 0x000000008bb00000| Complete 
| 188|0x000000008bc00000, 0x000000008bd00000, 0x000000008bd00000|100%| E|CS|TAMS 0x000000008bc00000, 0x000000008bc00000| Complete 
| 189|0x000000008bd00000, 0x000000008be00000, 0x000000008be00000|100%| E|CS|TAMS 0x000000008bd00000, 0x000000008bd00000| Complete 
| 190|0x000000008be00000, 0x000000008bf00000, 0x000000008bf00000|100%| E|CS|TAMS 0x000000008be00000, 0x000000008be00000| Complete 
| 191|0x000000008bf00000, 0x000000008c000000, 0x000000008c000000|100%| E|CS|TAMS 0x000000008bf00000, 0x000000008bf00000| Complete 
| 192|0x000000008c000000, 0x000000008c100000, 0x000000008c100000|100%| E|CS|TAMS 0x000000008c000000, 0x000000008c000000| Complete 
| 193|0x000000008c100000, 0x000000008c200000, 0x000000008c200000|100%| E|CS|TAMS 0x000000008c100000, 0x000000008c100000| Complete 
| 194|0x000000008c200000, 0x000000008c300000, 0x000000008c300000|100%| E|CS|TAMS 0x000000008c200000, 0x000000008c200000| Complete 
| 195|0x000000008c300000, 0x000000008c400000, 0x000000008c400000|100%| E|CS|TAMS 0x000000008c300000, 0x000000008c300000| Complete 
| 196|0x000000008c400000, 0x000000008c500000, 0x000000008c500000|100%| E|CS|TAMS 0x000000008c400000, 0x000000008c400000| Complete 
| 197|0x000000008c500000, 0x000000008c600000, 0x000000008c600000|100%| E|CS|TAMS 0x000000008c500000, 0x000000008c500000| Complete 
| 198|0x000000008c600000, 0x000000008c700000, 0x000000008c700000|100%| E|CS|TAMS 0x000000008c600000, 0x000000008c600000| Complete 
| 199|0x000000008c700000, 0x000000008c800000, 0x000000008c800000|100%| E|CS|TAMS 0x000000008c700000, 0x000000008c700000| Complete 
| 200|0x000000008c800000, 0x000000008c900000, 0x000000008c900000|100%| E|CS|TAMS 0x000000008c800000, 0x000000008c800000| Complete 
| 201|0x000000008c900000, 0x000000008ca00000, 0x000000008ca00000|100%| E|CS|TAMS 0x000000008c900000, 0x000000008c900000| Complete 
| 202|0x000000008ca00000, 0x000000008cb00000, 0x000000008cb00000|100%| E|CS|TAMS 0x000000008ca00000, 0x000000008ca00000| Complete 
| 203|0x000000008cb00000, 0x000000008cc00000, 0x000000008cc00000|100%| E|CS|TAMS 0x000000008cb00000, 0x000000008cb00000| Complete 
| 204|0x000000008cc00000, 0x000000008cd00000, 0x000000008cd00000|100%| E|CS|TAMS 0x000000008cc00000, 0x000000008cc00000| Complete 
| 205|0x000000008cd00000, 0x000000008ce00000, 0x000000008ce00000|100%| E|CS|TAMS 0x000000008cd00000, 0x000000008cd00000| Complete 
| 206|0x000000008ce00000, 0x000000008cf00000, 0x000000008cf00000|100%| E|CS|TAMS 0x000000008ce00000, 0x000000008ce00000| Complete 
| 207|0x000000008cf00000, 0x000000008d000000, 0x000000008d000000|100%| E|CS|TAMS 0x000000008cf00000, 0x000000008cf00000| Complete 
| 208|0x000000008d000000, 0x000000008d100000, 0x000000008d100000|100%| E|CS|TAMS 0x000000008d000000, 0x000000008d000000| Complete 
| 209|0x000000008d100000, 0x000000008d200000, 0x000000008d200000|100%| E|CS|TAMS 0x000000008d100000, 0x000000008d100000| Complete 
| 210|0x000000008d200000, 0x000000008d300000, 0x000000008d300000|100%| E|CS|TAMS 0x000000008d200000, 0x000000008d200000| Complete 
| 211|0x000000008d300000, 0x000000008d400000, 0x000000008d400000|100%| E|CS|TAMS 0x000000008d300000, 0x000000008d300000| Complete 
| 212|0x000000008d400000, 0x000000008d500000, 0x000000008d500000|100%| E|CS|TAMS 0x000000008d400000, 0x000000008d400000| Complete 
| 213|0x000000008d500000, 0x000000008d600000, 0x000000008d600000|100%| E|CS|TAMS 0x000000008d500000, 0x000000008d500000| Complete 
| 214|0x000000008d600000, 0x000000008d700000, 0x000000008d700000|100%| E|CS|TAMS 0x000000008d600000, 0x000000008d600000| Complete 
| 215|0x000000008d700000, 0x000000008d800000, 0x000000008d800000|100%| E|CS|TAMS 0x000000008d700000, 0x000000008d700000| Complete 
| 216|0x000000008d800000, 0x000000008d900000, 0x000000008d900000|100%| E|CS|TAMS 0x000000008d800000, 0x000000008d800000| Complete 
| 217|0x000000008d900000, 0x000000008da00000, 0x000000008da00000|100%| E|CS|TAMS 0x000000008d900000, 0x000000008d900000| Complete 
| 218|0x000000008da00000, 0x000000008db00000, 0x000000008db00000|100%| E|CS|TAMS 0x000000008da00000, 0x000000008da00000| Complete 
| 219|0x000000008db00000, 0x000000008dc00000, 0x000000008dc00000|100%| E|CS|TAMS 0x000000008db00000, 0x000000008db00000| Complete 
| 220|0x000000008dc00000, 0x000000008dd00000, 0x000000008dd00000|100%| E|CS|TAMS 0x000000008dc00000, 0x000000008dc00000| Complete 
| 221|0x000000008dd00000, 0x000000008de00000, 0x000000008de00000|100%| E|CS|TAMS 0x000000008dd00000, 0x000000008dd00000| Complete 
| 222|0x000000008de00000, 0x000000008df00000, 0x000000008df00000|100%| E|CS|TAMS 0x000000008de00000, 0x000000008de00000| Complete 
| 223|0x000000008df00000, 0x000000008e000000, 0x000000008e000000|100%| E|CS|TAMS 0x000000008df00000, 0x000000008df00000| Complete 
| 224|0x000000008e000000, 0x000000008e100000, 0x000000008e100000|100%| E|CS|TAMS 0x000000008e000000, 0x000000008e000000| Complete 
| 225|0x000000008e100000, 0x000000008e200000, 0x000000008e200000|100%| E|CS|TAMS 0x000000008e100000, 0x000000008e100000| Complete 
| 226|0x000000008e200000, 0x000000008e300000, 0x000000008e300000|100%| E|CS|TAMS 0x000000008e200000, 0x000000008e200000| Complete 
| 227|0x000000008e300000, 0x000000008e400000, 0x000000008e400000|100%| E|CS|TAMS 0x000000008e300000, 0x000000008e300000| Complete 
| 228|0x000000008e400000, 0x000000008e500000, 0x000000008e500000|100%| E|CS|TAMS 0x000000008e400000, 0x000000008e400000| Complete 
| 229|0x000000008e500000, 0x000000008e600000, 0x000000008e600000|100%| E|CS|TAMS 0x000000008e500000, 0x000000008e500000| Complete 
| 230|0x000000008e600000, 0x000000008e700000, 0x000000008e700000|100%| E|CS|TAMS 0x000000008e600000, 0x000000008e600000| Complete 

Card table byte_map: [0x0000017a3dca0000,0x0000017a3e0a0000] _byte_map_base: 0x0000017a3d8a0000

Marking Bits (Prev, Next): (CMBitMap*) 0x0000017a2b112660, (CMBitMap*) 0x0000017a2b1126a0
 Prev Bits: [0x0000017a3e4a0000, 0x0000017a404a0000)
 Next Bits: [0x0000017a404a0000, 0x0000017a424a0000)

Polling page: 0x0000017a29070000

Metaspace:

Usage:
  Non-class:     82.83 MB used.
      Class:     12.48 MB used.
       Both:     95.30 MB used.

Virtual space:
  Non-class space:       88.00 MB reserved,      83.19 MB ( 95%) committed,  11 nodes.
      Class space:        1.00 GB reserved,      12.81 MB (  1%) committed,  1 nodes.
             Both:        1.09 GB reserved,      96.00 MB (  9%) committed. 

Chunk freelists:
   Non-Class:  93.00 KB
       Class:  3.06 MB
        Both:  3.15 MB

MaxMetaspaceSize: unlimited
CompressedClassSpaceSize: 1.00 GB
Initial GC threshold: 21.00 MB
Current GC threshold: 112.31 MB
CDS: off
MetaspaceReclaimPolicy: balanced
 - commit_granule_bytes: 65536.
 - commit_granule_words: 8192.
 - virtual_space_node_default_size: 1048576.
 - enlarge_chunks_in_place: 1.
 - new_chunks_are_fully_committed: 0.
 - uncommit_free_chunks: 1.
 - use_allocation_guard: 0.
 - handle_deallocations: 1.


Internal statistics:

num_allocs_failed_limit: 6.
num_arena_births: 764.
num_arena_deaths: 0.
num_vsnodes_births: 12.
num_vsnodes_deaths: 0.
num_space_committed: 1536.
num_space_uncommitted: 0.
num_chunks_returned_to_freelist: 6.
num_chunks_taken_from_freelist: 4103.
num_chunk_merges: 3.
num_chunk_splits: 2811.
num_chunks_enlarged: 1948.
num_purges: 0.
num_inconsistent_stats: 0.

CodeHeap 'non-profiled nmethods': size=120000Kb used=5756Kb max_used=5756Kb free=114243Kb
 bounds [0x0000017a36040000, 0x0000017a365e0000, 0x0000017a3d570000]
CodeHeap 'profiled nmethods': size=120000Kb used=17982Kb max_used=17982Kb free=102017Kb
 bounds [0x0000017a2e570000, 0x0000017a2f700000, 0x0000017a35aa0000]
CodeHeap 'non-nmethods': size=5760Kb used=2425Kb max_used=2525Kb free=3334Kb
 bounds [0x0000017a35aa0000, 0x0000017a35d30000, 0x0000017a36040000]
 total_blobs=9919 nmethods=8954 adapters=877
 compilation: enabled
              stopped_count=0, restarted_count=0
 full_count=0

Compilation events (20 events):
Event: 560.218 Thread 0x0000017a44f15760 nmethod 9870 0x0000017a365dea90 code [0x0000017a365dec20, 0x0000017a365decf8]
Event: 560.220 Thread 0x0000017a44f15760 9871       3       org.gradle.internal.model.CalculatedValueContainerFactory::create (25 bytes)
Event: 560.226 Thread 0x0000017a44f15760 nmethod 9871 0x0000017a2f6fa110 code [0x0000017a2f6fa2c0, 0x0000017a2f6fa5c8]
Event: 560.226 Thread 0x0000017a44f15760 9874       3       org.gradle.internal.component.model.ComponentAttributeMatcher::isMatching (147 bytes)
Event: 560.227 Thread 0x0000017a44f15760 nmethod 9874 0x0000017a2f6fa710 code [0x0000017a2f6fa9c0, 0x0000017a2f6fb838]
Event: 560.227 Thread 0x0000017a44f15760 9872       3       org.gradle.internal.model.CalculatedValueContainerFactory$SupplierBackedCalculator::<init> (10 bytes)
Event: 560.227 Thread 0x0000017a44f15760 nmethod 9872 0x0000017a2f6fbd10 code [0x0000017a2f6fbea0, 0x0000017a2f6fc058]
Event: 560.227 Thread 0x0000017a44f15760 9873       3       org.gradle.api.internal.artifacts.ivyservice.resolveengine.artifact.DefaultArtifactSet::select (26 bytes)
Event: 560.231 Thread 0x0000017a44f15760 nmethod 9873 0x0000017a2f6fc110 code [0x0000017a2f6fc2e0, 0x0000017a2f6fc5b8]
Event: 560.231 Thread 0x0000017a44f15760 9875       3       org.gradle.internal.serialize.kryo.KryoBackedEncoder::writeLong (9 bytes)
Event: 560.231 Thread 0x0000017a44f15760 nmethod 9875 0x0000017a2f6fc710 code [0x0000017a2f6fc8c0, 0x0000017a2f6fca28]
Event: 560.231 Thread 0x0000017a44f15760 9876       3       com.esotericsoftware.kryo.io.Output::writeLong (162 bytes)
Event: 560.231 Thread 0x0000017a44f15760 nmethod 9876 0x0000017a2f6fcb10 code [0x0000017a2f6fccc0, 0x0000017a2f6fcfe8]
Event: 560.232 Thread 0x0000017a44f15760 9877       1       java.util.concurrent.ThreadPoolExecutor::getThreadFactory (5 bytes)
Event: 560.232 Thread 0x0000017a44f15760 nmethod 9877 0x0000017a365ded90 code [0x0000017a365def20, 0x0000017a365deff8]
Event: 560.236 Thread 0x0000017a44f15760 9878   !   3       org.gradle.internal.operations.DefaultBuildOperationQueue$WorkerRunnable::waitForNextOperation (89 bytes)
Event: 560.243 Thread 0x0000017a44f15760 nmethod 9878 0x0000017a2f6fd190 code [0x0000017a2f6fd440, 0x0000017a2f6fe0d8]
Event: 560.247 Thread 0x0000017a44f15760 9879       3       java.util.concurrent.ThreadPoolExecutor::execute (132 bytes)
Event: 560.252 Thread 0x0000017a44f15760 nmethod 9879 0x0000017a2f6fe790 code [0x0000017a2f6fea40, 0x0000017a2f6ff6c8]
Event: 560.261 Thread 0x0000017a44f13040 9880 %     4       java.security.AccessControlContext::combine @ 104 (205 bytes)

GC Heap History (20 events):
Event: 32.838 GC heap after
{Heap after GC invocations=32 (full 0):
 garbage-first heap   total 109568K, used 65214K [0x0000000080000000, 0x0000000100000000)
  region size 1024K, 1 young (1024K), 1 survivors (1024K)
 Metaspace       used 62036K, committed 62528K, reserved 1105920K
  class space    used 8136K, committed 8384K, reserved 1048576K
}
Event: 33.822 GC heap before
{Heap before GC invocations=33 (full 0):
 garbage-first heap   total 112640K, used 80574K [0x0000000080000000, 0x0000000100000000)
  region size 1024K, 16 young (16384K), 1 survivors (1024K)
 Metaspace       used 64464K, committed 65024K, reserved 1105920K
  class space    used 8430K, committed 8704K, reserved 1048576K
}
Event: 33.828 GC heap after
{Heap after GC invocations=34 (full 0):
 garbage-first heap   total 112640K, used 65733K [0x0000000080000000, 0x0000000100000000)
  region size 1024K, 2 young (2048K), 2 survivors (2048K)
 Metaspace       used 64464K, committed 65024K, reserved 1105920K
  class space    used 8430K, committed 8704K, reserved 1048576K
}
Event: 33.997 GC heap before
{Heap before GC invocations=34 (full 0):
 garbage-first heap   total 112640K, used 68805K [0x0000000080000000, 0x0000000100000000)
  region size 1024K, 5 young (5120K), 2 survivors (2048K)
 Metaspace       used 65267K, committed 65728K, reserved 1114112K
  class space    used 8510K, committed 8704K, reserved 1048576K
}
Event: 34.001 GC heap after
{Heap after GC invocations=35 (full 0):
 garbage-first heap   total 112640K, used 65799K [0x0000000080000000, 0x0000000100000000)
  region size 1024K, 1 young (1024K), 1 survivors (1024K)
 Metaspace       used 65267K, committed 65728K, reserved 1114112K
  class space    used 8510K, committed 8704K, reserved 1048576K
}
Event: 35.625 GC heap before
{Heap before GC invocations=35 (full 0):
 garbage-first heap   total 112640K, used 83207K [0x0000000080000000, 0x0000000100000000)
  region size 1024K, 18 young (18432K), 1 survivors (1024K)
 Metaspace       used 68232K, committed 68800K, reserved 1114112K
  class space    used 8891K, committed 9152K, reserved 1048576K
}
Event: 35.629 GC heap after
{Heap after GC invocations=36 (full 0):
 garbage-first heap   total 112640K, used 66666K [0x0000000080000000, 0x0000000100000000)
  region size 1024K, 2 young (2048K), 2 survivors (2048K)
 Metaspace       used 68232K, committed 68800K, reserved 1114112K
  class space    used 8891K, committed 9152K, reserved 1048576K
}
Event: 36.131 GC heap before
{Heap before GC invocations=37 (full 0):
 garbage-first heap   total 116736K, used 89194K [0x0000000080000000, 0x0000000100000000)
  region size 1024K, 20 young (20480K), 2 survivors (2048K)
 Metaspace       used 69735K, committed 70272K, reserved 1114112K
  class space    used 9108K, committed 9344K, reserved 1048576K
}
Event: 36.138 GC heap after
{Heap after GC invocations=38 (full 0):
 garbage-first heap   total 116736K, used 73737K [0x0000000080000000, 0x0000000100000000)
  region size 1024K, 3 young (3072K), 3 survivors (3072K)
 Metaspace       used 69735K, committed 70272K, reserved 1114112K
  class space    used 9108K, committed 9344K, reserved 1048576K
}
Event: 36.145 GC heap before
{Heap before GC invocations=38 (full 0):
 garbage-first heap   total 116736K, used 75785K [0x0000000080000000, 0x0000000100000000)
  region size 1024K, 5 young (5120K), 3 survivors (3072K)
 Metaspace       used 69735K, committed 70272K, reserved 1114112K
  class space    used 9108K, committed 9344K, reserved 1048576K
}
Event: 36.151 GC heap after
{Heap after GC invocations=39 (full 0):
 garbage-first heap   total 116736K, used 74603K [0x0000000080000000, 0x0000000100000000)
  region size 1024K, 1 young (1024K), 1 survivors (1024K)
 Metaspace       used 69735K, committed 70272K, reserved 1114112K
  class space    used 9108K, committed 9344K, reserved 1048576K
}
Event: 36.195 GC heap before
{Heap before GC invocations=39 (full 0):
 garbage-first heap   total 116736K, used 75627K [0x0000000080000000, 0x0000000100000000)
  region size 1024K, 3 young (3072K), 1 survivors (1024K)
 Metaspace       used 69737K, committed 70272K, reserved 1114112K
  class space    used 9108K, committed 9344K, reserved 1048576K
}
Event: 36.200 GC heap after
{Heap after GC invocations=40 (full 0):
 garbage-first heap   total 236544K, used 75544K [0x0000000080000000, 0x0000000100000000)
  region size 1024K, 2 young (2048K), 2 survivors (2048K)
 Metaspace       used 69737K, committed 70272K, reserved 1114112K
  class space    used 9108K, committed 9344K, reserved 1048576K
}
Event: 38.120 GC heap before
{Heap before GC invocations=40 (full 0):
 garbage-first heap   total 236544K, used 141080K [0x0000000080000000, 0x0000000100000000)
  region size 1024K, 63 young (64512K), 2 survivors (2048K)
 Metaspace       used 75916K, committed 76480K, reserved 1122304K
  class space    used 9914K, committed 10176K, reserved 1048576K
}
Event: 38.128 GC heap after
{Heap after GC invocations=41 (full 0):
 garbage-first heap   total 236544K, used 79933K [0x0000000080000000, 0x0000000100000000)
  region size 1024K, 6 young (6144K), 6 survivors (6144K)
 Metaspace       used 75916K, committed 76480K, reserved 1122304K
  class space    used 9914K, committed 10176K, reserved 1048576K
}
Event: 39.347 GC heap before
{Heap before GC invocations=41 (full 0):
 garbage-first heap   total 236544K, used 155709K [0x0000000080000000, 0x0000000100000000)
  region size 1024K, 80 young (81920K), 6 survivors (6144K)
 Metaspace       used 80306K, committed 80832K, reserved 1122304K
  class space    used 10520K, committed 10752K, reserved 1048576K
}
Event: 39.358 GC heap after
{Heap after GC invocations=42 (full 0):
 garbage-first heap   total 236544K, used 85977K [0x0000000080000000, 0x0000000100000000)
  region size 1024K, 10 young (10240K), 10 survivors (10240K)
 Metaspace       used 80306K, committed 80832K, reserved 1122304K
  class space    used 10520K, committed 10752K, reserved 1048576K
}
Event: 41.532 GC heap before
{Heap before GC invocations=42 (full 0):
 garbage-first heap   total 236544K, used 169945K [0x0000000080000000, 0x0000000100000000)
  region size 1024K, 92 young (94208K), 10 survivors (10240K)
 Metaspace       used 90653K, committed 91200K, reserved 1130496K
  class space    used 12174K, committed 12416K, reserved 1048576K
}
Event: 41.555 GC heap after
{Heap after GC invocations=43 (full 0):
 garbage-first heap   total 236544K, used 91606K [0x0000000080000000, 0x0000000100000000)
  region size 1024K, 12 young (12288K), 12 survivors (12288K)
 Metaspace       used 90653K, committed 91200K, reserved 1130496K
  class space    used 12174K, committed 12416K, reserved 1048576K
}
Event: 560.263 GC heap before
{Heap before GC invocations=43 (full 0):
 garbage-first heap   total 236544K, used 173526K [0x0000000080000000, 0x0000000100000000)
  region size 1024K, 93 young (95232K), 12 survivors (12288K)
 Metaspace       used 97588K, committed 98304K, reserved 1138688K
  class space    used 12775K, committed 13120K, reserved 1048576K
}

Dll operation events (2 events):
Event: 0.017 Loaded shared library C:\Program Files\Android\Android Studio\jbr\bin\java.dll
Event: 1.220 Loaded shared library C:\Program Files\Android\Android Studio\jbr\bin\verify.dll

Deoptimization events (20 events):
Event: 555.783 Thread 0x0000017a45b0abc0 DEOPT PACKING pc=0x0000017a365063a0 sp=0x000000415fbf85e0
Event: 555.783 Thread 0x0000017a45b0abc0 DEOPT UNPACKING pc=0x0000017a35af69a3 sp=0x000000415fbf85b0 mode 2
Event: 556.362 Thread 0x0000017a45b0abc0 Uncommon trap: trap_request=0xffffffc6 fr.pc=0x0000017a365063a0 relative=0x0000000000000440
Event: 556.362 Thread 0x0000017a45b0abc0 Uncommon trap: reason=bimorphic_or_optimized_type_check action=maybe_recompile pc=0x0000017a365063a0 method=com.google.common.collect.ImmutableCollection$Builder.addAll(Ljava/lang/Iterable;)Lcom/google/common/collect/ImmutableCollection$Builder; @ 1 c2
Event: 556.362 Thread 0x0000017a45b0abc0 DEOPT PACKING pc=0x0000017a365063a0 sp=0x000000415fbf8750
Event: 556.362 Thread 0x0000017a45b0abc0 DEOPT UNPACKING pc=0x0000017a35af69a3 sp=0x000000415fbf8720 mode 2
Event: 556.366 Thread 0x0000017a45b0abc0 Uncommon trap: trap_request=0xffffffc6 fr.pc=0x0000017a365063a0 relative=0x0000000000000440
Event: 556.366 Thread 0x0000017a45b0abc0 Uncommon trap: reason=bimorphic_or_optimized_type_check action=maybe_recompile pc=0x0000017a365063a0 method=com.google.common.collect.ImmutableCollection$Builder.addAll(Ljava/lang/Iterable;)Lcom/google/common/collect/ImmutableCollection$Builder; @ 1 c2
Event: 556.366 Thread 0x0000017a45b0abc0 DEOPT PACKING pc=0x0000017a365063a0 sp=0x000000415fbf85e0
Event: 556.366 Thread 0x0000017a45b0abc0 DEOPT UNPACKING pc=0x0000017a35af69a3 sp=0x000000415fbf85b0 mode 2
Event: 557.812 Thread 0x0000017a45b0abc0 DEOPT PACKING pc=0x0000017a2f4822db sp=0x000000415fbf7bb0
Event: 557.812 Thread 0x0000017a45b0abc0 DEOPT UNPACKING pc=0x0000017a35af7143 sp=0x000000415fbf70d0 mode 0
Event: 559.179 Thread 0x0000017a45b0abc0 DEOPT PACKING pc=0x0000017a2f4822db sp=0x000000415fbf7d30
Event: 559.179 Thread 0x0000017a45b0abc0 DEOPT UNPACKING pc=0x0000017a35af7143 sp=0x000000415fbf7250 mode 0
Event: 559.407 Thread 0x0000017a45b0abc0 Uncommon trap: trap_request=0xffffffcc fr.pc=0x0000017a365d25e4 relative=0x00000000000002c4
Event: 559.407 Thread 0x0000017a45b0abc0 Uncommon trap: reason=intrinsic_or_type_checked_inlining action=make_not_entrant pc=0x0000017a365d25e4 method=java.util.Arrays.copyOfRange([Ljava/lang/Object;IILjava/lang/Class;)[Ljava/lang/Object; @ 84 c2
Event: 559.407 Thread 0x0000017a45b0abc0 DEOPT PACKING pc=0x0000017a365d25e4 sp=0x000000415fbf8360
Event: 559.407 Thread 0x0000017a45b0abc0 DEOPT UNPACKING pc=0x0000017a35af69a3 sp=0x000000415fbf82e0 mode 2
Event: 559.844 Thread 0x0000017a45b0abc0 DEOPT PACKING pc=0x0000017a2f4822db sp=0x000000415fbf6be0
Event: 559.844 Thread 0x0000017a45b0abc0 DEOPT UNPACKING pc=0x0000017a35af7143 sp=0x000000415fbf6100 mode 0

Classes unloaded (0 events):
No events

Classes redefined (0 events):
No events

Internal exceptions (20 events):
Event: 41.237 Thread 0x0000017a472125a0 Exception <a 'java/lang/ClassNotFoundException'{0x0000000089e5dd68}: com/android/build/gradle/internal/api/ReadOnlyBaseConfigCustomizer> (0x0000000089e5dd68) 
thrown [s\src\hotspot\share\classfile\systemDictionary.cpp, line 256]
Event: 41.240 Thread 0x0000017a472125a0 Exception <a 'java/lang/ClassNotFoundException'{0x0000000089e7c2b8}: com/android/build/gradle/internal/api/ReadOnlyBuildTypeCustomizer> (0x0000000089e7c2b8) 
thrown [s\src\hotspot\share\classfile\systemDictionary.cpp, line 256]
Event: 41.855 Thread 0x0000017a472125a0 Exception <a 'java/lang/NoSuchMethodError'{0x000000008db13708}: static Lcom/android/build/gradle/internal/profile/ProjectData;.<clinit>()V> (0x000000008db13708) 
thrown [s\src\hotspot\share\prims\jni.cpp, line 1108]
Event: 41.929 Thread 0x0000017a472125a0 Exception <a 'sun/nio/fs/WindowsException'{0x000000008d918960}> (0x000000008d918960) 
thrown [s\src\hotspot\share\prims\jni.cpp, line 517]
Event: 42.133 Thread 0x0000017a472125a0 Implicit null exception at 0x0000017a362ffc0f to 0x0000017a36300358
Event: 42.134 Thread 0x0000017a472125a0 Implicit null exception at 0x0000017a36300c94 to 0x0000017a36301370
Event: 42.184 Thread 0x0000017a45b08070 Exception <a 'sun/nio/fs/WindowsException'{0x000000008d300fa8}> (0x000000008d300fa8) 
thrown [s\src\hotspot\share\prims\jni.cpp, line 517]
Event: 42.235 Thread 0x0000017a472125a0 Exception <a 'java/lang/NoSuchMethodError'{0x000000008d3c8260}: 'java.lang.Object java.lang.invoke.DirectMethodHandle$Holder.newInvokeSpecial(java.lang.Object, java.lang.Object, java.lang.Object, java.lang.Object, int, java.lang.Object)'> (0x000000008d3c8260) 
thrown [s\src\hotspot\share\interpreter\linkResolver.cpp, line 771]
Event: 42.237 Thread 0x0000017a472125a0 Exception <a 'java/lang/NoSuchMethodError'{0x000000008d3cc5c8}: 'java.lang.Object java.lang.invoke.Invokers$Holder.linkToTargetMethod(java.lang.Object, java.lang.Object, java.lang.Object, int, java.lang.Object, java.lang.Object)'> (0x000000008d3cc5c8) 
thrown [s\src\hotspot\share\interpreter\linkResolver.cpp, line 771]
Event: 47.144 Thread 0x0000017a46039a20 Implicit null exception at 0x0000017a36076cf2 to 0x0000017a3607730c
Event: 534.820 Thread 0x0000017a45b0abc0 Implicit null exception at 0x0000017a36573c2c to 0x0000017a36579ac8
Event: 544.967 Thread 0x0000017a45b0abc0 Exception <a 'java/lang/NoSuchMethodError'{0x000000008b09fd90}: static Lorg/gradle/tooling/internal/consumer/connection/InternalBuildActionAdapter;.<clinit>()V> (0x000000008b09fd90) 
thrown [s\src\hotspot\share\prims\jni.cpp, line 1108]
Event: 545.834 Thread 0x0000017a45b0abc0 Exception <a 'java/lang/NoSuchMethodError'{0x000000008af698d0}: static Ljava/lang/Object;.<clinit>()V> (0x000000008af698d0) 
thrown [s\src\hotspot\share\prims\jni.cpp, line 1108]
Event: 546.309 Thread 0x0000017a45b0abc0 Exception <a 'java/lang/NoSuchMethodError'{0x000000008aff1320}: static Lorg/gradle/tooling/internal/consumer/versioning/VersionDetails;.<clinit>()V> (0x000000008aff1320) 
thrown [s\src\hotspot\share\prims\jni.cpp, line 1108]
Event: 546.317 Thread 0x0000017a45b0abc0 Exception <a 'java/lang/NoSuchMethodError'{0x000000008aff3cc8}: static Lorg/gradle/tooling/internal/consumer/versioning/VersionDetails$R26VersionDetails;.<clinit>()V> (0x000000008aff3cc8) 
thrown [s\src\hotspot\share\prims\jni.cpp, line 1108]
Event: 546.318 Thread 0x0000017a45b0abc0 Exception <a 'java/lang/NoSuchMethodError'{0x000000008aff5240}: static Lorg/gradle/tooling/internal/consumer/versioning/VersionDetails$R28VersionDetails;.<clinit>()V> (0x000000008aff5240) 
thrown [s\src\hotspot\share\prims\jni.cpp, line 1108]
Event: 546.318 Thread 0x0000017a45b0abc0 Exception <a 'java/lang/NoSuchMethodError'{0x000000008aff6748}: static Lorg/gradle/tooling/internal/consumer/versioning/VersionDetails$R35VersionDetails;.<clinit>()V> (0x000000008aff6748) 
thrown [s\src\hotspot\share\prims\jni.cpp, line 1108]
Event: 546.318 Thread 0x0000017a45b0abc0 Exception <a 'java/lang/NoSuchMethodError'{0x000000008aff7b70}: static Lorg/gradle/tooling/internal/consumer/versioning/VersionDetails$R44VersionDetails;.<clinit>()V> (0x000000008aff7b70) 
thrown [s\src\hotspot\share\prims\jni.cpp, line 1108]
Event: 546.318 Thread 0x0000017a45b0abc0 Exception <a 'java/lang/NoSuchMethodError'{0x000000008aff8ed0}: static Lorg/gradle/tooling/internal/consumer/versioning/VersionDetails$R48VersionDetails;.<clinit>()V> (0x000000008aff8ed0) 
thrown [s\src\hotspot\share\prims\jni.cpp, line 1108]
Event: 546.318 Thread 0x0000017a45b0abc0 Exception <a 'java/lang/NoSuchMethodError'{0x000000008affa0d0}: static Lorg/gradle/tooling/internal/consumer/versioning/VersionDetails$R51VersionDetails;.<clinit>()V> (0x000000008affa0d0) 
thrown [s\src\hotspot\share\prims\jni.cpp, line 1108]

VM Operations (20 events):
Event: 550.490 Executing VM operation: Cleanup done
Event: 551.503 Executing VM operation: Cleanup
Event: 551.851 Executing VM operation: Cleanup done
Event: 552.853 Executing VM operation: Cleanup
Event: 552.853 Executing VM operation: Cleanup done
Event: 553.861 Executing VM operation: Cleanup
Event: 553.893 Executing VM operation: Cleanup done
Event: 554.898 Executing VM operation: Cleanup
Event: 554.928 Executing VM operation: Cleanup done
Event: 555.939 Executing VM operation: Cleanup
Event: 556.026 Executing VM operation: Cleanup done
Event: 557.040 Executing VM operation: Cleanup
Event: 557.043 Executing VM operation: Cleanup done
Event: 558.058 Executing VM operation: Cleanup
Event: 558.073 Executing VM operation: Cleanup done
Event: 559.073 Executing VM operation: Cleanup
Event: 559.090 Executing VM operation: Cleanup done
Event: 560.100 Executing VM operation: Cleanup
Event: 560.101 Executing VM operation: Cleanup done
Event: 560.262 Executing VM operation: G1CollectForAllocation

Events (20 events):
Event: 560.238 Thread 0x0000017a4c885540 Thread added: 0x0000017a4c885540
Event: 560.239 Thread 0x0000017a4c880370 Thread added: 0x0000017a4c880370
Event: 560.239 Thread 0x0000017a4c885070 Thread added: 0x0000017a4c885070
Event: 560.239 Thread 0x0000017a4c883390 Thread added: 0x0000017a4c883390
Event: 560.240 Thread 0x0000017a4c880840 Thread added: 0x0000017a4c880840
Event: 560.241 Thread 0x0000017a4c885a10 Thread added: 0x0000017a4c885a10
Event: 560.241 Thread 0x0000017a4c885ee0 Thread added: 0x0000017a4c885ee0
Event: 560.242 Thread 0x0000017a4c8811e0 Thread added: 0x0000017a4c8811e0
Event: 560.244 Thread 0x0000017a4c883860 Thread added: 0x0000017a4c883860
Event: 560.244 Thread 0x0000017a4c883d30 Thread added: 0x0000017a4c883d30
Event: 560.244 Thread 0x0000017a4c8863b0 Thread added: 0x0000017a4c8863b0
Event: 560.245 Thread 0x0000017a4c87f030 Thread added: 0x0000017a4c87f030
Event: 560.245 Thread 0x0000017a4c8816b0 Thread added: 0x0000017a4c8816b0
Event: 560.246 Thread 0x0000017a4c881b80 Thread added: 0x0000017a4c881b80
Event: 560.247 Thread 0x0000017a4c884200 Thread added: 0x0000017a4c884200
Event: 560.247 Thread 0x0000017a4c87fea0 Thread added: 0x0000017a4c87fea0
Event: 560.247 Thread 0x0000017a4c8846d0 Thread added: 0x0000017a4c8846d0
Event: 560.247 Thread 0x0000017a4c87f9d0 Thread added: 0x0000017a4c87f9d0
Event: 560.262 Thread 0x0000017a4c87f500 Thread added: 0x0000017a4c87f500
Event: 560.262 Thread 0x0000017a4c882050 Thread added: 0x0000017a4c882050


Dynamic libraries:
0x00007ff6a29e0000 - 0x00007ff6a29ea000 	C:\Program Files\Android\Android Studio\jbr\bin\java.exe
0x00007ffec3090000 - 0x00007ffec32a7000 	C:\WINDOWS\SYSTEM32\ntdll.dll
0x00007ffec1360000 - 0x00007ffec1424000 	C:\WINDOWS\System32\KERNEL32.DLL
0x00007ffec0470000 - 0x00007ffec0817000 	C:\WINDOWS\System32\KERNELBASE.dll
0x00007ffec0850000 - 0x00007ffec0961000 	C:\WINDOWS\System32\ucrtbase.dll
0x00007ffe9a030000 - 0x00007ffe9a04b000 	C:\Program Files\Android\Android Studio\jbr\bin\VCRUNTIME140.dll
0x00007ffe94660000 - 0x00007ffe94677000 	C:\Program Files\Android\Android Studio\jbr\bin\jli.dll
0x00007ffec28f0000 - 0x00007ffec2a9e000 	C:\WINDOWS\System32\USER32.dll
0x00007ffec0820000 - 0x00007ffec0846000 	C:\WINDOWS\System32\win32u.dll
0x00007ffec1fa0000 - 0x00007ffec1fc9000 	C:\WINDOWS\System32\GDI32.dll
0x00007ffec0ca0000 - 0x00007ffec0db9000 	C:\WINDOWS\System32\gdi32full.dll
0x00007ffec0970000 - 0x00007ffec0a0a000 	C:\WINDOWS\System32\msvcp_win.dll
0x00007ffea4d10000 - 0x00007ffea4fa3000 	C:\WINDOWS\WinSxS\amd64_microsoft.windows.common-controls_6595b64144ccf1df_6.0.22621.3527_none_270e469b73872a76\COMCTL32.dll
0x00007ffec1c40000 - 0x00007ffec1ce7000 	C:\WINDOWS\System32\msvcrt.dll
0x00007ffec10a0000 - 0x00007ffec10d1000 	C:\WINDOWS\System32\IMM32.DLL
0x00007ffe9bfb0000 - 0x00007ffe9bfbc000 	C:\Program Files\Android\Android Studio\jbr\bin\vcruntime140_1.dll
0x00007ffe748a0000 - 0x00007ffe7492d000 	C:\Program Files\Android\Android Studio\jbr\bin\msvcp140.dll
0x00007ffe51660000 - 0x00007ffe522cd000 	C:\Program Files\Android\Android Studio\jbr\bin\server\jvm.dll
0x00007ffec1cf0000 - 0x00007ffec1da2000 	C:\WINDOWS\System32\ADVAPI32.dll
0x00007ffec2b20000 - 0x00007ffec2bc8000 	C:\WINDOWS\System32\sechost.dll
0x00007ffec0b80000 - 0x00007ffec0ba8000 	C:\WINDOWS\System32\bcrypt.dll
0x00007ffec1dc0000 - 0x00007ffec1ed5000 	C:\WINDOWS\System32\RPCRT4.dll
0x00007ffeb7c40000 - 0x00007ffeb7c49000 	C:\WINDOWS\SYSTEM32\WSOCK32.dll
0x00007ffec2aa0000 - 0x00007ffec2b11000 	C:\WINDOWS\System32\WS2_32.dll
0x00007ffeb9050000 - 0x00007ffeb905a000 	C:\WINDOWS\SYSTEM32\VERSION.dll
0x00007ffeb9120000 - 0x00007ffeb9154000 	C:\WINDOWS\SYSTEM32\WINMM.dll
0x00007ffebf480000 - 0x00007ffebf498000 	C:\WINDOWS\SYSTEM32\kernel.appcore.dll
0x00007ffeb8900000 - 0x00007ffeb890a000 	C:\Program Files\Android\Android Studio\jbr\bin\jimage.dll
0x00007ffebdb60000 - 0x00007ffebdd93000 	C:\WINDOWS\SYSTEM32\DBGHELP.DLL
0x00007ffec18b0000 - 0x00007ffec1c38000 	C:\WINDOWS\System32\combase.dll
0x00007ffec2bd0000 - 0x00007ffec2ca7000 	C:\WINDOWS\System32\OLEAUT32.dll
0x00007ffeb7a30000 - 0x00007ffeb7a62000 	C:\WINDOWS\SYSTEM32\dbgcore.DLL
0x00007ffec0bb0000 - 0x00007ffec0c29000 	C:\WINDOWS\System32\bcryptPrimitives.dll
0x00007ffea4410000 - 0x00007ffea4435000 	C:\Program Files\Android\Android Studio\jbr\bin\java.dll
0x00007ffeb6b10000 - 0x00007ffeb6b28000 	C:\Program Files\Android\Android Studio\jbr\bin\zip.dll
0x00007ffec1fd0000 - 0x00007ffec282c000 	C:\WINDOWS\System32\SHELL32.dll
0x00007ffebe2b0000 - 0x00007ffebeba6000 	C:\WINDOWS\SYSTEM32\windows.storage.dll
0x00007ffebe170000 - 0x00007ffebe2ae000 	C:\WINDOWS\SYSTEM32\wintypes.dll
0x00007ffec10e0000 - 0x00007ffec11d5000 	C:\WINDOWS\System32\SHCORE.dll
0x00007ffec0df0000 - 0x00007ffec0e4e000 	C:\WINDOWS\System32\shlwapi.dll
0x00007ffec02e0000 - 0x00007ffec0301000 	C:\WINDOWS\SYSTEM32\profapi.dll
0x00007ffeb3b00000 - 0x00007ffeb3b19000 	C:\Program Files\Android\Android Studio\jbr\bin\net.dll
0x00007ffeb98b0000 - 0x00007ffeb99e6000 	C:\WINDOWS\SYSTEM32\WINHTTP.dll
0x00007ffebf900000 - 0x00007ffebf969000 	C:\WINDOWS\system32\mswsock.dll
0x00007ffea9940000 - 0x00007ffea9956000 	C:\Program Files\Android\Android Studio\jbr\bin\nio.dll
0x00007ffea64c0000 - 0x00007ffea64d0000 	C:\Program Files\Android\Android Studio\jbr\bin\verify.dll
0x00007ffe94830000 - 0x00007ffe94857000 	C:\Users\vanni\.gradle\native\68d5fa5c4cc2d200863cafc0d521ce42e7d3e7ee720ec0a83991735586a16f82\windows-amd64\native-platform.dll
0x00007ffe733f0000 - 0x00007ffe73534000 	C:\Users\vanni\.gradle\native\e376f236ea51e6404a007f0833ffe2c6e607c4080706a723a18a27aeea778392\windows-amd64\native-platform-file-events.dll
0x00007ffea64f0000 - 0x00007ffea64f9000 	C:\Program Files\Android\Android Studio\jbr\bin\management.dll
0x00007ffea64d0000 - 0x00007ffea64db000 	C:\Program Files\Android\Android Studio\jbr\bin\management_ext.dll
0x00007ffec1ee0000 - 0x00007ffec1ee8000 	C:\WINDOWS\System32\PSAPI.DLL
0x00007ffebfb90000 - 0x00007ffebfbab000 	C:\WINDOWS\SYSTEM32\CRYPTSP.dll
0x00007ffebf3e0000 - 0x00007ffebf415000 	C:\WINDOWS\system32\rsaenh.dll
0x00007ffebfa10000 - 0x00007ffebfa38000 	C:\WINDOWS\SYSTEM32\USERENV.dll
0x00007ffebfbb0000 - 0x00007ffebfbbc000 	C:\WINDOWS\SYSTEM32\CRYPTBASE.dll
0x00007ffebee80000 - 0x00007ffebeead000 	C:\WINDOWS\SYSTEM32\IPHLPAPI.DLL
0x00007ffec1db0000 - 0x00007ffec1db9000 	C:\WINDOWS\System32\NSI.dll
0x00007ffeb9c10000 - 0x00007ffeb9c29000 	C:\WINDOWS\SYSTEM32\dhcpcsvc6.DLL
0x00007ffeb96b0000 - 0x00007ffeb96cf000 	C:\WINDOWS\SYSTEM32\dhcpcsvc.DLL
0x00007ffebef40000 - 0x00007ffebf039000 	C:\WINDOWS\SYSTEM32\DNSAPI.dll
0x00007ffea4400000 - 0x00007ffea4408000 	C:\WINDOWS\system32\wshunix.dll
0x00007ffeb9040000 - 0x00007ffeb904a000 	C:\Windows\System32\rasadhlp.dll
0x00007ffeb8a50000 - 0x00007ffeb8ad3000 	C:\WINDOWS\System32\fwpuclnt.dll

dbghelp: loaded successfully - version: 4.0.5 - missing functions: none
symbol engine: initialized successfully - sym options: 0x614 - pdb path: .;C:\Program Files\Android\Android Studio\jbr\bin;C:\WINDOWS\SYSTEM32;C:\WINDOWS\WinSxS\amd64_microsoft.windows.common-controls_6595b64144ccf1df_6.0.22621.3527_none_270e469b73872a76;C:\Program Files\Android\Android Studio\jbr\bin\server;C:\Users\vanni\.gradle\native\68d5fa5c4cc2d200863cafc0d521ce42e7d3e7ee720ec0a83991735586a16f82\windows-amd64;C:\Users\vanni\.gradle\native\e376f236ea51e6404a007f0833ffe2c6e607c4080706a723a18a27aeea778392\windows-amd64

VM Arguments:
jvm_args: --add-opens=java.base/java.util=ALL-UNNAMED --add-opens=java.base/java.lang=ALL-UNNAMED --add-opens=java.base/java.lang.invoke=ALL-UNNAMED --add-opens=java.prefs/java.util.prefs=ALL-UNNAMED --add-opens=java.base/java.nio.charset=ALL-UNNAMED --add-opens=java.base/java.net=ALL-UNNAMED --add-opens=java.base/java.util.concurrent.atomic=ALL-UNNAMED -Xmx2048m -Dfile.encoding=UTF-8 -Duser.country=IT -Duser.language=it -Duser.variant 
java_command: org.gradle.launcher.daemon.bootstrap.GradleDaemon 8.0
java_class_path (initial): C:\Users\vanni\.gradle\wrapper\dists\gradle-8.0-bin\ca5e32bp14vu59qr306oxotwh\gradle-8.0\lib\gradle-launcher-8.0.jar
Launcher Type: SUN_STANDARD

[Global flags]
     intx CICompilerCount                          = 4                                         {product} {ergonomic}
     uint ConcGCThreads                            = 2                                         {product} {ergonomic}
     uint G1ConcRefinementThreads                  = 8                                         {product} {ergonomic}
   size_t G1HeapRegionSize                         = 1048576                                   {product} {ergonomic}
    uintx GCDrainStackTargetSize                   = 64                                        {product} {ergonomic}
   size_t InitialHeapSize                          = 132120576                                 {product} {ergonomic}
   size_t MarkStackSize                            = 4194304                                   {product} {ergonomic}
   size_t MaxHeapSize                              = 2147483648                                {product} {command line}
   size_t MaxNewSize                               = 1287651328                                {product} {ergonomic}
   size_t MinHeapDeltaBytes                        = 1048576                                   {product} {ergonomic}
   size_t MinHeapSize                              = 8388608                                   {product} {ergonomic}
    uintx NonNMethodCodeHeapSize                   = 5839372                                {pd product} {ergonomic}
    uintx NonProfiledCodeHeapSize                  = 122909434                              {pd product} {ergonomic}
    uintx ProfiledCodeHeapSize                     = 122909434                              {pd product} {ergonomic}
    uintx ReservedCodeCacheSize                    = 251658240                              {pd product} {ergonomic}
     bool SegmentedCodeCache                       = true                                      {product} {ergonomic}
   size_t SoftMaxHeapSize                          = 2147483648                             {manageable} {ergonomic}
     bool UseCompressedClassPointers               = true                           {product lp64_product} {ergonomic}
     bool UseCompressedOops                        = true                           {product lp64_product} {ergonomic}
     bool UseG1GC                                  = true                                      {product} {ergonomic}
     bool UseLargePagesIndividualAllocation        = false                                  {pd product} {ergonomic}

Logging:
Log output configuration:
 #0: stdout all=warning uptime,level,tags
 #1: stderr all=off uptime,level,tags

Environment Variables:
JAVA_HOME=C:\Program Files\Eclipse Adoptium\jdk-11.0.14.101-hotspot\
PATH=C:\Program Files (x86)\VMware\VMware Player\bin\;C:\Program Files\Eclipse Adoptium\jdk-11.0.14.101-hotspot\bin;C:\Program Files\Common Files\Oracle\Java\javapath;C:\Windows\system32;C:\Windows;C:\Windows\System32\Wbem;C:\Windows\System32\WindowsPowerShell\v1.0\;C:\Windows\System32\OpenSSH\;C:\Program Files (x86)\NVIDIA Corporation\PhysX\Common;C:\Program Files\NVIDIA Corporation\NVIDIA NvDLISR;C:\WINDOWS\system32;C:\WINDOWS;C:\WINDOWS\System32\Wbem;C:\WINDOWS\System32\WindowsPowerShell\v1.0\;C:\WINDOWS\System32\OpenSSH\;C:\Program Files\dotnet\;C:\Program Files\Git\cmd;C:\Program Files\GitHub CLI\;C:\MinGW\bin;C:\Users\vanni\Desktop\SCUOLA\UNIVERSITA\IOT\ngrok-v3-stable-windows-amd64\;C:\Program Files\Microsoft SQL Server\150\Tools\Binn\;C:\Program Files\Microsoft SQL Server\Client SDK\ODBC\170\Tools\Binn\;C:\WINDOWS\system32;C:\WINDOWS;C:\WINDOWS\System32\Wbem;C:\WINDOWS\System32\WindowsPowerShell\v1.0\;C:\WINDOWS\System32\OpenSSH\;C:\ProgramData\chocolatey\bin;C:\Program Files\CMake\bin;C:\Program Files\kotlinc\bin;C:\Users\vanni\AppData\Local\Programs\Microsoft VS Code\bin;C:\Users\vanni\scoop\shims;C:\Users\vanni\AppData\Local\Programs\oh-my-posh\bin;C:\Program Files\Docker\Docker\resources\bin;D:\AirShipper\;C:\Program Files\PowerShell\7\;C:\Program Files (x86)\VMware\VMware Player\bin\;C:\Program Files\Eclipse Adoptium\jdk-11.0.14.101-hotspot\bin;C:\Program Files\Common Files\Oracle\Java\javapath;C:\Windows\system32;C:\Windows;C:\Windows\System32\Wbem;C:\Windows\System32\WindowsPowerShell\v1.0\;C:\Windows\System32\OpenSSH\;C:\Program Files (x86)\NVIDIA Corporation\PhysX\Common;C:\Program Files\NVIDIA Corporation\NVIDIA NvDLISR;C:\WINDOWS\system32;C:\WINDOWS;C:\WINDOWS\System32\Wbem;C:\WINDOWS\System32\WindowsPowerShell\v1.0\;C:\WINDOWS\System32\OpenSSH\;C:\Program Files\dotnet\;C:\Program Files\Git\cmd;C:\Program Files\GitHub CLI\;C:\MinGW\bin;C:\Users\vanni\Desktop\SCUOLA\UNIVERSITA\IOT\ngrok-v3-stable-windows-amd64\;C:\Program Files\Microsoft SQL Server\15
USERNAME=vanni
OS=Windows_NT
PROCESSOR_IDENTIFIER=Intel64 Family 6 Model 142 Stepping 11, GenuineIntel
TMP=C:\Users\vanni\AppData\Local\Temp
TEMP=C:\Users\vanni\AppData\Local\Temp



---------------  S Y S T E M  ---------------

OS:
 Windows 11 , 64 bit Build 22621 (10.0.22621.3527)
OS uptime: 6 days 22:00 hours
Hyper-V role detected

CPU: total 8 (initial active 8) (4 cores per cpu, 2 threads per core) family 6 model 142 stepping 11 microcode 0xde, cx8, cmov, fxsr, ht, mmx, 3dnowpref, sse, sse2, sse3, ssse3, sse4.1, sse4.2, popcnt, lzcnt, tsc, tscinvbit, avx, avx2, aes, erms, clmul, bmi1, bmi2, adx, fma, vzeroupper, clflush, clflushopt, hv

Memory: 4k page, system-wide physical 8040M (499M free)
TotalPageFile size 32616M (AvailPageFile size 0M)
current process WorkingSet (physical memory assigned to process): 145M, peak: 476M
current process commit charge ("private bytes"): 502M, peak: 532M

vm_info: OpenJDK 64-Bit Server VM (17.0.6+0-b2043.56-9586694) for windows-amd64 JRE (17.0.6+0-b2043.56-9586694), built on Feb  9 2023 20:06:20 by "androidbuild" with MS VC++ 16.10 / 16.11 (VS2019)

END.
